This is pdfTeX, Version 3.141592653-2.6-1.40.25 (TeX Live 2023/Debian) (preloaded format=pdflatex 2025.9.15)  17 JAN 2026 12:09
entering extended mode
 restricted \write18 enabled.
 file:line:error style messages enabled.
 %&-line parsing enabled.
**"/home/ale/Documents/programming/latex/analisi 2/analisi2.tex"
(/home/ale/Documents/programming/latex/analisi 2/analisi2.tex
LaTeX2e <2023-11-01> patch level 1
L3 programming layer <2024-01-22>
(/usr/share/texlive/texmf-dist/tex/latex/base/article.cls
Document Class: article 2023/05/17 v1.4n Standard LaTeX document class
(/usr/share/texlive/texmf-dist/tex/latex/base/size10.clo
File: size10.clo 2023/05/17 v1.4n Standard LaTeX file (size option)
)
\c@part=\count187
\c@section=\count188
\c@subsection=\count189
\c@subsubsection=\count190
\c@paragraph=\count191
\c@subparagraph=\count192
\c@figure=\count193
\c@table=\count194
\abovecaptionskip=\skip48
\belowcaptionskip=\skip49
\bibindent=\dimen140
) (/usr/share/texlive/texmf-dist/tex/latex/wrapfig/wrapfig.sty
\wrapoverhang=\dimen141
\WF@size=\dimen142
\c@WF@wrappedlines=\count195
\WF@box=\box51
\WF@everypar=\toks17
Package: wrapfig 2003/01/31  v 3.6
) (/usr/share/texlive/texmf-dist/tex/latex/graphics/graphicx.sty
Package: graphicx 2021/09/16 v1.2d Enhanced LaTeX Graphics (DPC,SPQR)
 (/usr/share/texlive/texmf-dist/tex/latex/graphics/keyval.sty
Package: keyval 2022/05/29 v1.15 key=value parser (DPC)
\KV@toks@=\toks18
) (/usr/share/texlive/texmf-dist/tex/latex/graphics/graphics.sty
Package: graphics 2022/03/10 v1.4e Standard LaTeX Graphics (DPC,SPQR)
 (/usr/share/texlive/texmf-dist/tex/latex/graphics/trig.sty
Package: trig 2021/08/11 v1.11 sin cos tan (DPC)
) (/usr/share/texlive/texmf-dist/tex/latex/graphics-cfg/graphics.cfg
File: graphics.cfg 2016/06/04 v1.11 sample graphics configuration
)
Package graphics Info: Driver file: pdftex.def on input line 107.
 (/usr/share/texlive/texmf-dist/tex/latex/graphics-def/pdftex.def
File: pdftex.def 2022/09/22 v1.2b Graphics/color driver for pdftex
))
\Gin@req@height=\dimen143
\Gin@req@width=\dimen144
) (/usr/share/texlive/texmf-dist/tex/latex/amscls/amsthm.sty
Package: amsthm 2020/05/29 v2.20.6
\thm@style=\toks19
\thm@bodyfont=\toks20
\thm@headfont=\toks21
\thm@notefont=\toks22
\thm@headpunct=\toks23
\thm@preskip=\skip50
\thm@postskip=\skip51
\thm@headsep=\skip52
\dth@everypar=\toks24
) (/usr/share/texlive/texmf-dist/tex/latex/amsmath/amsmath.sty
Package: amsmath 2023/05/13 v2.17o AMS math features
\@mathmargin=\skip53

For additional information on amsmath, use the `?' option.
(/usr/share/texlive/texmf-dist/tex/latex/amsmath/amstext.sty
Package: amstext 2021/08/26 v2.01 AMS text
 (/usr/share/texlive/texmf-dist/tex/latex/amsmath/amsgen.sty
File: amsgen.sty 1999/11/30 v2.0 generic functions
\@emptytoks=\toks25
\ex@=\dimen145
)) (/usr/share/texlive/texmf-dist/tex/latex/amsmath/amsbsy.sty
Package: amsbsy 1999/11/29 v1.2d Bold Symbols
\pmbraise@=\dimen146
) (/usr/share/texlive/texmf-dist/tex/latex/amsmath/amsopn.sty
Package: amsopn 2022/04/08 v2.04 operator names
)
\inf@bad=\count196
LaTeX Info: Redefining \frac on input line 234.
\uproot@=\count197
\leftroot@=\count198
LaTeX Info: Redefining \overline on input line 399.
LaTeX Info: Redefining \colon on input line 410.
\classnum@=\count199
\DOTSCASE@=\count266
LaTeX Info: Redefining \ldots on input line 496.
LaTeX Info: Redefining \dots on input line 499.
LaTeX Info: Redefining \cdots on input line 620.
\Mathstrutbox@=\box52
\strutbox@=\box53
LaTeX Info: Redefining \big on input line 722.
LaTeX Info: Redefining \Big on input line 723.
LaTeX Info: Redefining \bigg on input line 724.
LaTeX Info: Redefining \Bigg on input line 725.
\big@size=\dimen147
LaTeX Font Info:    Redeclaring font encoding OML on input line 743.
LaTeX Font Info:    Redeclaring font encoding OMS on input line 744.
\macc@depth=\count267
LaTeX Info: Redefining \bmod on input line 905.
LaTeX Info: Redefining \pmod on input line 910.
LaTeX Info: Redefining \smash on input line 940.
LaTeX Info: Redefining \relbar on input line 970.
LaTeX Info: Redefining \Relbar on input line 971.
\c@MaxMatrixCols=\count268
\dotsspace@=\muskip16
\c@parentequation=\count269
\dspbrk@lvl=\count270
\tag@help=\toks26
\row@=\count271
\column@=\count272
\maxfields@=\count273
\andhelp@=\toks27
\eqnshift@=\dimen148
\alignsep@=\dimen149
\tagshift@=\dimen150
\tagwidth@=\dimen151
\totwidth@=\dimen152
\lineht@=\dimen153
\@envbody=\toks28
\multlinegap=\skip54
\multlinetaggap=\skip55
\mathdisplay@stack=\toks29
LaTeX Info: Redefining \[ on input line 2953.
LaTeX Info: Redefining \] on input line 2954.
) (/usr/share/texlive/texmf-dist/tex/latex/amsfonts/amssymb.sty
Package: amssymb 2013/01/14 v3.01 AMS font symbols
 (/usr/share/texlive/texmf-dist/tex/latex/amsfonts/amsfonts.sty
Package: amsfonts 2013/01/14 v3.01 Basic AMSFonts support
\symAMSa=\mathgroup4
\symAMSb=\mathgroup5
LaTeX Font Info:    Redeclaring math symbol \hbar on input line 98.
LaTeX Font Info:    Overwriting math alphabet `\mathfrak' in version `bold'
(Font)                  U/euf/m/n --> U/euf/b/n on input line 106.
)) (/usr/share/texlive/texmf-dist/tex/latex/geometry/geometry.sty
Package: geometry 2020/01/02 v5.9 Page Geometry
 (/usr/share/texlive/texmf-dist/tex/generic/iftex/ifvtex.sty
Package: ifvtex 2019/10/25 v1.7 ifvtex legacy package. Use iftex instead.
 (/usr/share/texlive/texmf-dist/tex/generic/iftex/iftex.sty
Package: iftex 2022/02/03 v1.0f TeX engine tests
))
\Gm@cnth=\count274
\Gm@cntv=\count275
\c@Gm@tempcnt=\count276
\Gm@bindingoffset=\dimen154
\Gm@wd@mp=\dimen155
\Gm@odd@mp=\dimen156
\Gm@even@mp=\dimen157
\Gm@layoutwidth=\dimen158
\Gm@layoutheight=\dimen159
\Gm@layouthoffset=\dimen160
\Gm@layoutvoffset=\dimen161
\Gm@dimlist=\toks30
) (/usr/share/texlive/texmf-dist/tex/generic/babel/babel.sty
Package: babel 2024/01/07 v24.1 The Babel package
\babel@savecnt=\count277
\U@D=\dimen162
\l@unhyphenated=\language89
 (/usr/share/texlive/texmf-dist/tex/generic/babel/txtbabel.def)
\bbl@readstream=\read2
\bbl@dirlevel=\count278
 (/usr/share/texlive/texmf-dist/tex/generic/babel-italian/italian.ldf
Language: italian 2024/01/03 v.1.5.00 Italian support for the babel system
\it@lettering=\count279
\it@doublequoteactive=\count280
\it@ISOcompliance=\count281
)) (/usr/share/texlive/texmf-dist/tex/generic/babel/locale/it/babel-italian.tex
Package babel Info: Importing font and identification data for italian
(babel)             from babel-it.ini. Reported on input line 11.
) (/usr/share/texlive/texmf-dist/tex/latex/etoolbox/etoolbox.sty
Package: etoolbox 2020/10/05 v2.5k e-TeX tools for LaTeX (JAW)
\etb@tempcnta=\count282
) (/usr/share/texlive/texmf-dist/tex/latex/pgfplots/pgfplots.sty (/usr/share/texlive/texmf-dist/tex/generic/pgfplots/pgfplots.revision.tex)
Package: pgfplots 2021/05/15 v1.18.1 Data Visualization (1.18.1)
 (/usr/share/texlive/texmf-dist/tex/latex/pgf/frontendlayer/tikz.sty (/usr/share/texlive/texmf-dist/tex/latex/pgf/basiclayer/pgf.sty (/usr/share/texlive/texmf-dist/tex/latex/pgf/utilities/pgfrcs.sty (/usr/share/texlive/texmf-dist/tex/generic/pgf/utilities/pgfutil-common.tex
\pgfutil@everybye=\toks31
\pgfutil@tempdima=\dimen163
\pgfutil@tempdimb=\dimen164
) (/usr/share/texlive/texmf-dist/tex/generic/pgf/utilities/pgfutil-latex.def
\pgfutil@abb=\box54
) (/usr/share/texlive/texmf-dist/tex/generic/pgf/utilities/pgfrcs.code.tex (/usr/share/texlive/texmf-dist/tex/generic/pgf/pgf.revision.tex)
Package: pgfrcs 2023-01-15 v3.1.10 (3.1.10)
))
Package: pgf 2023-01-15 v3.1.10 (3.1.10)
 (/usr/share/texlive/texmf-dist/tex/latex/pgf/basiclayer/pgfcore.sty (/usr/share/texlive/texmf-dist/tex/latex/pgf/systemlayer/pgfsys.sty (/usr/share/texlive/texmf-dist/tex/generic/pgf/systemlayer/pgfsys.code.tex
Package: pgfsys 2023-01-15 v3.1.10 (3.1.10)
 (/usr/share/texlive/texmf-dist/tex/generic/pgf/utilities/pgfkeys.code.tex
\pgfkeys@pathtoks=\toks32
\pgfkeys@temptoks=\toks33
 (/usr/share/texlive/texmf-dist/tex/generic/pgf/utilities/pgfkeyslibraryfiltered.code.tex
\pgfkeys@tmptoks=\toks34
))
\pgf@x=\dimen165
\pgf@y=\dimen166
\pgf@xa=\dimen167
\pgf@ya=\dimen168
\pgf@xb=\dimen169
\pgf@yb=\dimen170
\pgf@xc=\dimen171
\pgf@yc=\dimen172
\pgf@xd=\dimen173
\pgf@yd=\dimen174
\w@pgf@writea=\write3
\r@pgf@reada=\read3
\c@pgf@counta=\count283
\c@pgf@countb=\count284
\c@pgf@countc=\count285
\c@pgf@countd=\count286
\t@pgf@toka=\toks35
\t@pgf@tokb=\toks36
\t@pgf@tokc=\toks37
\pgf@sys@id@count=\count287
 (/usr/share/texlive/texmf-dist/tex/generic/pgf/systemlayer/pgf.cfg
File: pgf.cfg 2023-01-15 v3.1.10 (3.1.10)
)
Driver file for pgf: pgfsys-pdftex.def
 (/usr/share/texlive/texmf-dist/tex/generic/pgf/systemlayer/pgfsys-pdftex.def
File: pgfsys-pdftex.def 2023-01-15 v3.1.10 (3.1.10)
 (/usr/share/texlive/texmf-dist/tex/generic/pgf/systemlayer/pgfsys-common-pdf.def
File: pgfsys-common-pdf.def 2023-01-15 v3.1.10 (3.1.10)
))) (/usr/share/texlive/texmf-dist/tex/generic/pgf/systemlayer/pgfsyssoftpath.code.tex
File: pgfsyssoftpath.code.tex 2023-01-15 v3.1.10 (3.1.10)
\pgfsyssoftpath@smallbuffer@items=\count288
\pgfsyssoftpath@bigbuffer@items=\count289
) (/usr/share/texlive/texmf-dist/tex/generic/pgf/systemlayer/pgfsysprotocol.code.tex
File: pgfsysprotocol.code.tex 2023-01-15 v3.1.10 (3.1.10)
)) (/usr/share/texlive/texmf-dist/tex/latex/xcolor/xcolor.sty
Package: xcolor 2023/11/15 v3.01 LaTeX color extensions (UK)
 (/usr/share/texlive/texmf-dist/tex/latex/graphics-cfg/color.cfg
File: color.cfg 2016/01/02 v1.6 sample color configuration
)
Package xcolor Info: Driver file: pdftex.def on input line 274.
 (/usr/share/texlive/texmf-dist/tex/latex/graphics/mathcolor.ltx)
Package xcolor Info: Model `cmy' substituted by `cmy0' on input line 1350.
Package xcolor Info: Model `hsb' substituted by `rgb' on input line 1354.
Package xcolor Info: Model `RGB' extended on input line 1366.
Package xcolor Info: Model `HTML' substituted by `rgb' on input line 1368.
Package xcolor Info: Model `Hsb' substituted by `hsb' on input line 1369.
Package xcolor Info: Model `tHsb' substituted by `hsb' on input line 1370.
Package xcolor Info: Model `HSB' substituted by `hsb' on input line 1371.
Package xcolor Info: Model `Gray' substituted by `gray' on input line 1372.
Package xcolor Info: Model `wave' substituted by `hsb' on input line 1373.
) (/usr/share/texlive/texmf-dist/tex/generic/pgf/basiclayer/pgfcore.code.tex
Package: pgfcore 2023-01-15 v3.1.10 (3.1.10)
 (/usr/share/texlive/texmf-dist/tex/generic/pgf/math/pgfmath.code.tex (/usr/share/texlive/texmf-dist/tex/generic/pgf/math/pgfmathutil.code.tex) (/usr/share/texlive/texmf-dist/tex/generic/pgf/math/pgfmathparser.code.tex
\pgfmath@dimen=\dimen175
\pgfmath@count=\count290
\pgfmath@box=\box55
\pgfmath@toks=\toks38
\pgfmath@stack@operand=\toks39
\pgfmath@stack@operation=\toks40
) (/usr/share/texlive/texmf-dist/tex/generic/pgf/math/pgfmathfunctions.code.tex) (/usr/share/texlive/texmf-dist/tex/generic/pgf/math/pgfmathfunctions.basic.code.tex) (/usr/share/texlive/texmf-dist/tex/generic/pgf/math/pgfmathfunctions.trigonometric.code.tex) (/usr/share/texlive/texmf-dist/tex/generic/pgf/math/pgfmathfunctions.random.code.tex) (/usr/share/texlive/texmf-dist/tex/generic/pgf/math/pgfmathfunctions.comparison.code.tex) (/usr/share/texlive/texmf-dist/tex/generic/pgf/math/pgfmathfunctions.base.code.tex) (/usr/share/texlive/texmf-dist/tex/generic/pgf/math/pgfmathfunctions.round.code.tex) (/usr/share/texlive/texmf-dist/tex/generic/pgf/math/pgfmathfunctions.misc.code.tex) (/usr/share/texlive/texmf-dist/tex/generic/pgf/math/pgfmathfunctions.integerarithmetics.code.tex) (/usr/share/texlive/texmf-dist/tex/generic/pgf/math/pgfmathcalc.code.tex) (/usr/share/texlive/texmf-dist/tex/generic/pgf/math/pgfmathfloat.code.tex
\c@pgfmathroundto@lastzeros=\count291
)) (/usr/share/texlive/texmf-dist/tex/generic/pgf/math/pgfint.code.tex) (/usr/share/texlive/texmf-dist/tex/generic/pgf/basiclayer/pgfcorepoints.code.tex
File: pgfcorepoints.code.tex 2023-01-15 v3.1.10 (3.1.10)
\pgf@picminx=\dimen176
\pgf@picmaxx=\dimen177
\pgf@picminy=\dimen178
\pgf@picmaxy=\dimen179
\pgf@pathminx=\dimen180
\pgf@pathmaxx=\dimen181
\pgf@pathminy=\dimen182
\pgf@pathmaxy=\dimen183
\pgf@xx=\dimen184
\pgf@xy=\dimen185
\pgf@yx=\dimen186
\pgf@yy=\dimen187
\pgf@zx=\dimen188
\pgf@zy=\dimen189
) (/usr/share/texlive/texmf-dist/tex/generic/pgf/basiclayer/pgfcorepathconstruct.code.tex
File: pgfcorepathconstruct.code.tex 2023-01-15 v3.1.10 (3.1.10)
\pgf@path@lastx=\dimen190
\pgf@path@lasty=\dimen191
) (/usr/share/texlive/texmf-dist/tex/generic/pgf/basiclayer/pgfcorepathusage.code.tex
File: pgfcorepathusage.code.tex 2023-01-15 v3.1.10 (3.1.10)
\pgf@shorten@end@additional=\dimen192
\pgf@shorten@start@additional=\dimen193
) (/usr/share/texlive/texmf-dist/tex/generic/pgf/basiclayer/pgfcorescopes.code.tex
File: pgfcorescopes.code.tex 2023-01-15 v3.1.10 (3.1.10)
\pgfpic=\box56
\pgf@hbox=\box57
\pgf@layerbox@main=\box58
\pgf@picture@serial@count=\count292
) (/usr/share/texlive/texmf-dist/tex/generic/pgf/basiclayer/pgfcoregraphicstate.code.tex
File: pgfcoregraphicstate.code.tex 2023-01-15 v3.1.10 (3.1.10)
\pgflinewidth=\dimen194
) (/usr/share/texlive/texmf-dist/tex/generic/pgf/basiclayer/pgfcoretransformations.code.tex
File: pgfcoretransformations.code.tex 2023-01-15 v3.1.10 (3.1.10)
\pgf@pt@x=\dimen195
\pgf@pt@y=\dimen196
\pgf@pt@temp=\dimen197
) (/usr/share/texlive/texmf-dist/tex/generic/pgf/basiclayer/pgfcorequick.code.tex
File: pgfcorequick.code.tex 2023-01-15 v3.1.10 (3.1.10)
) (/usr/share/texlive/texmf-dist/tex/generic/pgf/basiclayer/pgfcoreobjects.code.tex
File: pgfcoreobjects.code.tex 2023-01-15 v3.1.10 (3.1.10)
) (/usr/share/texlive/texmf-dist/tex/generic/pgf/basiclayer/pgfcorepathprocessing.code.tex
File: pgfcorepathprocessing.code.tex 2023-01-15 v3.1.10 (3.1.10)
) (/usr/share/texlive/texmf-dist/tex/generic/pgf/basiclayer/pgfcorearrows.code.tex
File: pgfcorearrows.code.tex 2023-01-15 v3.1.10 (3.1.10)
\pgfarrowsep=\dimen198
) (/usr/share/texlive/texmf-dist/tex/generic/pgf/basiclayer/pgfcoreshade.code.tex
File: pgfcoreshade.code.tex 2023-01-15 v3.1.10 (3.1.10)
\pgf@max=\dimen199
\pgf@sys@shading@range@num=\count293
\pgf@shadingcount=\count294
) (/usr/share/texlive/texmf-dist/tex/generic/pgf/basiclayer/pgfcoreimage.code.tex
File: pgfcoreimage.code.tex 2023-01-15 v3.1.10 (3.1.10)
) (/usr/share/texlive/texmf-dist/tex/generic/pgf/basiclayer/pgfcoreexternal.code.tex
File: pgfcoreexternal.code.tex 2023-01-15 v3.1.10 (3.1.10)
\pgfexternal@startupbox=\box59
) (/usr/share/texlive/texmf-dist/tex/generic/pgf/basiclayer/pgfcorelayers.code.tex
File: pgfcorelayers.code.tex 2023-01-15 v3.1.10 (3.1.10)
) (/usr/share/texlive/texmf-dist/tex/generic/pgf/basiclayer/pgfcoretransparency.code.tex
File: pgfcoretransparency.code.tex 2023-01-15 v3.1.10 (3.1.10)
) (/usr/share/texlive/texmf-dist/tex/generic/pgf/basiclayer/pgfcorepatterns.code.tex
File: pgfcorepatterns.code.tex 2023-01-15 v3.1.10 (3.1.10)
) (/usr/share/texlive/texmf-dist/tex/generic/pgf/basiclayer/pgfcorerdf.code.tex
File: pgfcorerdf.code.tex 2023-01-15 v3.1.10 (3.1.10)
))) (/usr/share/texlive/texmf-dist/tex/generic/pgf/modules/pgfmoduleshapes.code.tex
File: pgfmoduleshapes.code.tex 2023-01-15 v3.1.10 (3.1.10)
\pgfnodeparttextbox=\box60
) (/usr/share/texlive/texmf-dist/tex/generic/pgf/modules/pgfmoduleplot.code.tex
File: pgfmoduleplot.code.tex 2023-01-15 v3.1.10 (3.1.10)
) (/usr/share/texlive/texmf-dist/tex/latex/pgf/compatibility/pgfcomp-version-0-65.sty
Package: pgfcomp-version-0-65 2023-01-15 v3.1.10 (3.1.10)
\pgf@nodesepstart=\dimen256
\pgf@nodesepend=\dimen257
) (/usr/share/texlive/texmf-dist/tex/latex/pgf/compatibility/pgfcomp-version-1-18.sty
Package: pgfcomp-version-1-18 2023-01-15 v3.1.10 (3.1.10)
)) (/usr/share/texlive/texmf-dist/tex/latex/pgf/utilities/pgffor.sty (/usr/share/texlive/texmf-dist/tex/latex/pgf/utilities/pgfkeys.sty (/usr/share/texlive/texmf-dist/tex/generic/pgf/utilities/pgfkeys.code.tex)) (/usr/share/texlive/texmf-dist/tex/latex/pgf/math/pgfmath.sty (/usr/share/texlive/texmf-dist/tex/generic/pgf/math/pgfmath.code.tex)) (/usr/share/texlive/texmf-dist/tex/generic/pgf/utilities/pgffor.code.tex
Package: pgffor 2023-01-15 v3.1.10 (3.1.10)
\pgffor@iter=\dimen258
\pgffor@skip=\dimen259
\pgffor@stack=\toks41
\pgffor@toks=\toks42
)) (/usr/share/texlive/texmf-dist/tex/generic/pgf/frontendlayer/tikz/tikz.code.tex
Package: tikz 2023-01-15 v3.1.10 (3.1.10)
 (/usr/share/texlive/texmf-dist/tex/generic/pgf/libraries/pgflibraryplothandlers.code.tex
File: pgflibraryplothandlers.code.tex 2023-01-15 v3.1.10 (3.1.10)
\pgf@plot@mark@count=\count295
\pgfplotmarksize=\dimen260
)
\tikz@lastx=\dimen261
\tikz@lasty=\dimen262
\tikz@lastxsaved=\dimen263
\tikz@lastysaved=\dimen264
\tikz@lastmovetox=\dimen265
\tikz@lastmovetoy=\dimen266
\tikzleveldistance=\dimen267
\tikzsiblingdistance=\dimen268
\tikz@figbox=\box61
\tikz@figbox@bg=\box62
\tikz@tempbox=\box63
\tikz@tempbox@bg=\box64
\tikztreelevel=\count296
\tikznumberofchildren=\count297
\tikznumberofcurrentchild=\count298
\tikz@fig@count=\count299
 (/usr/share/texlive/texmf-dist/tex/generic/pgf/modules/pgfmodulematrix.code.tex
File: pgfmodulematrix.code.tex 2023-01-15 v3.1.10 (3.1.10)
\pgfmatrixcurrentrow=\count300
\pgfmatrixcurrentcolumn=\count301
\pgf@matrix@numberofcolumns=\count302
)
\tikz@expandcount=\count303
 (/usr/share/texlive/texmf-dist/tex/generic/pgf/frontendlayer/tikz/libraries/tikzlibrarytopaths.code.tex
File: tikzlibrarytopaths.code.tex 2023-01-15 v3.1.10 (3.1.10)
))) (/usr/share/texlive/texmf-dist/tex/generic/pgfplots/pgfplots.code.tex (/usr/share/texlive/texmf-dist/tex/generic/pgfplots/pgfplotscore.code.tex
\t@pgfplots@toka=\toks43
\t@pgfplots@tokb=\toks44
\t@pgfplots@tokc=\toks45
\pgfplots@tmpa=\dimen269
\c@pgfplots@coordindex=\count304
\c@pgfplots@scanlineindex=\count305
 (/usr/share/texlive/texmf-dist/tex/generic/pgfplots/sys/pgfplotssysgeneric.code.tex)) (/usr/share/texlive/texmf-dist/tex/generic/pgfplots/libs/pgfplotslibrary.code.tex) (/usr/share/texlive/texmf-dist/tex/generic/pgfplots/oldpgfcompatib/pgfplotsoldpgfsupp_loader.code.tex (/usr/share/texlive/texmf-dist/tex/generic/pgf/libraries/pgflibraryfpu.code.tex)
Package pgfplots: loading complementary utilities for your pgf version...
\t@pgf@toka=\toks46
\t@pgf@tokb=\toks47
\t@pgf@tokc=\toks48
(/usr/share/texlive/texmf-dist/tex/generic/pgfplots/oldpgfcompatib/pgfplotsoldpgfsupp_pgfutil-common-lists.tex)) (/usr/share/texlive/texmf-dist/tex/generic/pgfplots/util/pgfplotsutil.code.tex (/usr/share/texlive/texmf-dist/tex/generic/pgfplots/liststructure/pgfplotsliststructure.code.tex) (/usr/share/texlive/texmf-dist/tex/generic/pgfplots/liststructure/pgfplotsliststructureext.code.tex) (/usr/share/texlive/texmf-dist/tex/generic/pgfplots/liststructure/pgfplotsarray.code.tex
\c@pgfplotsarray@tmp=\count306
) (/usr/share/texlive/texmf-dist/tex/generic/pgfplots/liststructure/pgfplotsmatrix.code.tex) (/usr/share/texlive/texmf-dist/tex/generic/pgfplots/numtable/pgfplotstableshared.code.tex
\c@pgfplotstable@counta=\count307
\t@pgfplotstable@a=\toks49
) (/usr/share/texlive/texmf-dist/tex/generic/pgfplots/liststructure/pgfplotsdeque.code.tex) (/usr/share/texlive/texmf-dist/tex/generic/pgfplots/util/pgfplotsbinary.code.tex (/usr/share/texlive/texmf-dist/tex/generic/pgfplots/util/pgfplotsbinary.data.code.tex)) (/usr/share/texlive/texmf-dist/tex/generic/pgfplots/util/pgfplotsutil.verb.code.tex) (/usr/share/texlive/texmf-dist/tex/generic/pgfplots/libs/pgflibrarypgfplots.surfshading.code.tex
\c@pgfplotslibrarysurf@no=\count308
 (/usr/share/texlive/texmf-dist/tex/generic/pgfplots/sys/pgflibrarypgfplots.surfshading.pgfsys-pdftex.def))) (/usr/share/texlive/texmf-dist/tex/generic/pgfplots/util/pgfplotscolormap.code.tex (/usr/share/texlive/texmf-dist/tex/generic/pgfplots/util/pgfplotscolor.code.tex)) (/usr/share/texlive/texmf-dist/tex/generic/pgfplots/pgfplotsstackedplots.code.tex) (/usr/share/texlive/texmf-dist/tex/generic/pgfplots/pgfplotsplothandlers.code.tex (/usr/share/texlive/texmf-dist/tex/generic/pgfplots/pgfplotsmeshplothandler.code.tex (/usr/share/texlive/texmf-dist/tex/generic/pgfplots/pgfplotsmeshplotimage.code.tex))) (/usr/share/texlive/texmf-dist/tex/generic/pgfplots/pgfplots.scaling.code.tex) (/usr/share/texlive/texmf-dist/tex/generic/pgfplots/pgfplotscoordprocessing.code.tex) (/usr/share/texlive/texmf-dist/tex/generic/pgfplots/pgfplots.errorbars.code.tex) (/usr/share/texlive/texmf-dist/tex/generic/pgfplots/pgfplots.markers.code.tex) (/usr/share/texlive/texmf-dist/tex/generic/pgfplots/pgfplotsticks.code.tex) (/usr/share/texlive/texmf-dist/tex/generic/pgfplots/pgfplots.paths.code.tex) (/usr/share/texlive/texmf-dist/tex/generic/pgf/frontendlayer/tikz/libraries/tikzlibrarydecorations.code.tex (/usr/share/texlive/texmf-dist/tex/generic/pgf/modules/pgfmoduledecorations.code.tex
\pgfdecoratedcompleteddistance=\dimen270
\pgfdecoratedremainingdistance=\dimen271
\pgfdecoratedinputsegmentcompleteddistance=\dimen272
\pgfdecoratedinputsegmentremainingdistance=\dimen273
\pgf@decorate@distancetomove=\dimen274
\pgf@decorate@repeatstate=\count309
\pgfdecorationsegmentamplitude=\dimen275
\pgfdecorationsegmentlength=\dimen276
)
\tikz@lib@dec@box=\box65
) (/usr/share/texlive/texmf-dist/tex/generic/pgf/frontendlayer/tikz/libraries/tikzlibrarydecorations.pathmorphing.code.tex (/usr/share/texlive/texmf-dist/tex/generic/pgf/libraries/decorations/pgflibrarydecorations.pathmorphing.code.tex)) (/usr/share/texlive/texmf-dist/tex/generic/pgf/frontendlayer/tikz/libraries/tikzlibrarydecorations.pathreplacing.code.tex (/usr/share/texlive/texmf-dist/tex/generic/pgf/libraries/decorations/pgflibrarydecorations.pathreplacing.code.tex)) (/usr/share/texlive/texmf-dist/tex/generic/pgfplots/libs/tikzlibrarypgfplots.contourlua.code.tex)
\pgfplots@numplots=\count310
\pgfplots@xmin@reg=\dimen277
\pgfplots@xmax@reg=\dimen278
\pgfplots@ymin@reg=\dimen279
\pgfplots@ymax@reg=\dimen280
\pgfplots@zmin@reg=\dimen281
\pgfplots@zmax@reg=\dimen282
) (/usr/share/texlive/texmf-dist/tex/generic/pgf/frontendlayer/tikz/libraries/tikzlibraryplotmarks.code.tex
File: tikzlibraryplotmarks.code.tex 2023-01-15 v3.1.10 (3.1.10)
 (/usr/share/texlive/texmf-dist/tex/generic/pgf/libraries/pgflibraryplotmarks.code.tex
File: pgflibraryplotmarks.code.tex 2023-01-15 v3.1.10 (3.1.10)
))) (/usr/share/texlive/texmf-dist/tex/latex/tools/tabularx.sty
Package: tabularx 2023/07/08 v2.11c `tabularx' package (DPC)
 (/usr/share/texlive/texmf-dist/tex/latex/tools/array.sty
Package: array 2023/10/16 v2.5g Tabular extension package (FMi)
\col@sep=\dimen283
\ar@mcellbox=\box66
\extrarowheight=\dimen284
\NC@list=\toks50
\extratabsurround=\skip56
\backup@length=\skip57
\ar@cellbox=\box67
)
\TX@col@width=\dimen285
\TX@old@table=\dimen286
\TX@old@col=\dimen287
\TX@target=\dimen288
\TX@delta=\dimen289
\TX@cols=\count311
\TX@ftn=\toks51
) (/usr/share/texlive/texmf-dist/tex/latex/tikz-3dplot/tikz-3dplot.sty (/usr/share/texlive/texmf-dist/tex/latex/base/ifthen.sty
Package: ifthen 2022/04/13 v1.1d Standard LaTeX ifthen package (DPC)
) (/usr/share/texlive/texmf-dist/tex/generic/pgf/frontendlayer/tikz/libraries/tikzlibrarycalc.code.tex
File: tikzlibrarycalc.code.tex 2023-01-15 v3.1.10 (3.1.10)
) (/usr/share/texlive/texmf-dist/tex/generic/pgf/frontendlayer/tikz/libraries/tikzlibrary3d.code.tex
File: tikzlibrary3d.code.tex 2023-01-15 v3.1.10 (3.1.10)
) (/usr/share/texlive/texmf-dist/tex/generic/pgf/frontendlayer/tikz/libraries/tikzlibraryarrows.code.tex
File: tikzlibraryarrows.code.tex 2023-01-15 v3.1.10 (3.1.10)
 (/usr/share/texlive/texmf-dist/tex/generic/pgf/libraries/pgflibraryarrows.code.tex
File: pgflibraryarrows.code.tex 2023-01-15 v3.1.10 (3.1.10)
\arrowsize=\dimen290
))) (/usr/share/texlive/texmf-dist/tex/latex/tools/multicol.sty
Package: multicol 2023/03/30 v1.9f multicolumn formatting (FMi)
\c@tracingmulticols=\count312
\mult@box=\box68
\multicol@leftmargin=\dimen291
\c@unbalance=\count313
\c@collectmore=\count314
\doublecol@number=\count315
\multicoltolerance=\count316
\multicolpretolerance=\count317
\full@width=\dimen292
\page@free=\dimen293
\premulticols=\dimen294
\postmulticols=\dimen295
\multicolsep=\skip58
\multicolbaselineskip=\skip59
\partial@page=\box69
\last@line=\box70
\mc@boxedresult=\box71
\maxbalancingoverflow=\dimen296
\mult@rightbox=\box72
\mult@grightbox=\box73
\mult@firstbox=\box74
\mult@gfirstbox=\box75
\@tempa=\box76
\@tempa=\box77
\@tempa=\box78
\@tempa=\box79
\@tempa=\box80
\@tempa=\box81
\@tempa=\box82
\@tempa=\box83
\@tempa=\box84
\@tempa=\box85
\@tempa=\box86
\@tempa=\box87
\@tempa=\box88
\@tempa=\box89
\@tempa=\box90
\@tempa=\box91
\@tempa=\box92
\@tempa=\box93
\@tempa=\box94
\@tempa=\box95
\@tempa=\box96
\@tempa=\box97
\@tempa=\box98
\@tempa=\box99
\@tempa=\box100
\@tempa=\box101
\@tempa=\box102
\@tempa=\box103
\@tempa=\box104
\@tempa=\box105
\@tempa=\box106
\@tempa=\box107
\@tempa=\box108
\@tempa=\box109
\@tempa=\box110
\@tempa=\box111
\c@minrows=\count318
\c@columnbadness=\count319
\c@finalcolumnbadness=\count320
\last@try=\dimen297
\multicolovershoot=\dimen298
\multicolundershoot=\dimen299
\mult@nat@firstbox=\box112
\colbreak@box=\box113
\mc@col@check@num=\count321
) (/usr/share/texlive/texmf-dist/tex/latex/arydshln/arydshln.sty
Package: arydshln 2019/02/21 v1.76 
\dashlinedash=\dimen300
\dashlinegap=\dimen301
\adl@box=\box114
\adl@height=\dimen302
\adl@heightsave=\dimen303
\adl@depth=\dimen304
\adl@depthsave=\dimen305
\adl@finaldepth=\dimen306
\adl@columns=\count322
\adl@ncol=\count323
\adl@currentcolumn=\count324
\adl@currentcolumnsave=\count325
\adl@totalheight=\count326
\adl@totalheightsave=\count327
\adl@dash=\count328
\adl@gap=\count329
\adl@cla=\count330
\adl@clb=\count331
\adl@everyvbox=\toks52
\adl@LTpagetotal=\dimen307
) (/usr/share/texlive/texmf-dist/tex/latex/mathtools/mathtools.sty
Package: mathtools 2022/06/29 v1.29 mathematical typesetting tools
 (/usr/share/texlive/texmf-dist/tex/latex/tools/calc.sty
Package: calc 2023/07/08 v4.3 Infix arithmetic (KKT,FJ)
\calc@Acount=\count332
\calc@Bcount=\count333
\calc@Adimen=\dimen308
\calc@Bdimen=\dimen309
\calc@Askip=\skip60
\calc@Bskip=\skip61
LaTeX Info: Redefining \setlength on input line 80.
LaTeX Info: Redefining \addtolength on input line 81.
\calc@Ccount=\count334
\calc@Cskip=\skip62
) (/usr/share/texlive/texmf-dist/tex/latex/mathtools/mhsetup.sty
Package: mhsetup 2021/03/18 v1.4 programming setup (MH)
)
\g_MT_multlinerow_int=\count335
\l_MT_multwidth_dim=\dimen310
\origjot=\skip63
\l_MT_shortvdotswithinadjustabove_dim=\dimen311
\l_MT_shortvdotswithinadjustbelow_dim=\dimen312
\l_MT_above_intertext_sep=\dimen313
\l_MT_below_intertext_sep=\dimen314
\l_MT_above_shortintertext_sep=\dimen315
\l_MT_below_shortintertext_sep=\dimen316
\xmathstrut@box=\box115
\xmathstrut@dim=\dimen317
) (/usr/share/texlive/texmf-dist/tex/latex/tools/enumerate.sty
Package: enumerate 2023/07/04 v3.00 enumerate extensions (DPC)
\@enLab=\toks53
) (/usr/share/texlive/texmf-dist/tex/latex/svg/svg.sty
Package: svg 2020/11/26 v2.02k (include SVG pictures)
 (/usr/share/texlive/texmf-dist/tex/latex/koma-script/scrbase.sty
Package: scrbase 2023/07/07 v3.41 KOMA-Script package (KOMA-Script-independent basics and keyval usage)
 (/usr/share/texlive/texmf-dist/tex/latex/koma-script/scrlfile.sty
Package: scrlfile 2023/07/07 v3.41 KOMA-Script package (file load hooks)
 (/usr/share/texlive/texmf-dist/tex/latex/koma-script/scrlfile-hook.sty
Package: scrlfile-hook 2023/07/07 v3.41 KOMA-Script package (using LaTeX hooks)
 (/usr/share/texlive/texmf-dist/tex/latex/koma-script/scrlogo.sty
Package: scrlogo 2023/07/07 v3.41 KOMA-Script package (logo)
)))
Applying: [2021/05/01] Usage of raw or classic option list on input line 252.
Already applied: [0000/00/00] Usage of raw or classic option list on input line 368.
) (/usr/share/texlive/texmf-dist/tex/generic/pdftexcmds/pdftexcmds.sty
Package: pdftexcmds 2020-06-27 v0.33 Utility functions of pdfTeX for LuaTeX (HO)
 (/usr/share/texlive/texmf-dist/tex/generic/infwarerr/infwarerr.sty
Package: infwarerr 2019/12/03 v1.5 Providing info/warning/error messages (HO)
) (/usr/share/texlive/texmf-dist/tex/generic/ltxcmds/ltxcmds.sty
Package: ltxcmds 2023-12-04 v1.26 LaTeX kernel commands for general use (HO)
)
Package pdftexcmds Info: \pdf@primitive is available.
Package pdftexcmds Info: \pdf@ifprimitive is available.
Package pdftexcmds Info: \pdfdraftmode found.
) (/usr/share/texlive/texmf-dist/tex/latex/trimspaces/trimspaces.sty
Package: trimspaces 2009/09/17 v1.1 Trim spaces around a token list
) (/usr/share/texlive/texmf-dist/tex/latex/tools/shellesc.sty
Package: shellesc 2023/07/08 v1.0d unified shell escape interface for LaTeX
Package shellesc Info: Restricted shell escape enabled on input line 77.
)
\c@svg@param@lastpage=\count336
\svg@box=\box116
\c@svg@param@currpage=\count337
) (/usr/share/texlive/texmf-dist/tex/latex/transparent/transparent.sty
Package: transparent 2022-10-27 v1.5 Transparency with color stacks
 (/usr/share/texlive/texmf-dist/tex/latex/transparent/transparent-nometadata.sty
Package: transparent-nometadata 2022-10-27 v1.5 Transparency via pdfTeX's color stack (HO)
 (/usr/share/texlive/texmf-dist/tex/latex/auxhook/auxhook.sty
Package: auxhook 2019-12-17 v1.6 Hooks for auxiliary files (HO)
))) (/usr/share/texlive/texmf-dist/tex/latex/cancel/cancel.sty
Package: cancel 2013/04/12 v2.2 Cancel math terms
) (/usr/share/texlive/texmf-dist/tex/latex/esvect/esvect.sty
Package: esvect 
\symesvector=\mathgroup6
LaTeX Font Info:    Redeclaring math symbol \fldr on input line 38.
) (/usr/share/texlive/texmf-dist/tex/latex/graphics/dvipsnam.def
File: dvipsnam.def 2016/06/17 v3.0m Driver-dependent file (DPC,SPQR)
) (/usr/share/texlive/texmf-dist/tex/latex/psnfss/pifont.sty
Package: pifont 2020/03/25 PSNFSS-v9.3 Pi font support (SPQR) 
LaTeX Font Info:    Trying to load font information for U+pzd on input line 63.
 (/usr/share/texlive/texmf-dist/tex/latex/psnfss/upzd.fd
File: upzd.fd 2001/06/04 font definitions for U/pzd.
)
LaTeX Font Info:    Trying to load font information for U+psy on input line 64.
 (/usr/share/texlive/texmf-dist/tex/latex/psnfss/upsy.fd
File: upsy.fd 2001/06/04 font definitions for U/psy.
)) (/usr/share/texlive/texmf-dist/tex/generic/pgf/frontendlayer/tikz/libraries/tikzlibrarypatterns.code.tex
File: tikzlibrarypatterns.code.tex 2023-01-15 v3.1.10 (3.1.10)
 (/usr/share/texlive/texmf-dist/tex/generic/pgf/libraries/pgflibrarypatterns.code.tex
File: pgflibrarypatterns.code.tex 2023-01-15 v3.1.10 (3.1.10)
))
\@indexfile=\write4
\openout4 = `analisi2.idx'.


Writing index file analisi2.idx
(/usr/share/texlive/texmf-dist/tex/latex/tikzmark/tikzlibrarytikzmark.code.tex
File: tikzlibrarytikzmark.code.tex 2022/08/24 v1.15 TikZ library for marking positions in a document
 (/usr/share/texlive/texmf-dist/tex/latex/l3kernel/expl3.sty
Package: expl3 2024-01-22 L3 programming layer (loader) 
 (/usr/share/texlive/texmf-dist/tex/latex/l3backend/l3backend-pdftex.def
File: l3backend-pdftex.def 2024-01-04 L3 backend support: PDF output (pdfTeX)
\l__color_backend_stack_int=\count338
\l__pdf_internal_box=\box117
)) (/usr/share/texlive/texmf-dist/tex/latex/l3packages/l3keys2e/l3keys2e.sty
Package: l3keys2e 2023-10-10 LaTeX2e option processing using LaTeX3 keys
) (/usr/share/texlive/texmf-dist/tex/latex/l3packages/xparse/xparse.sty
Package: xparse 2023-10-10 L3 Experimental document command parser
)
\l__sn_x_dim=\dimen318
\l__sn_y_dim=\dimen319
\l__sn_xa_dim=\dimen320
\l__sn_ya_dim=\dimen321
) (/usr/share/texlive/texmf-dist/tex/generic/pgf/frontendlayer/tikz/libraries/tikzlibraryshapes.geometric.code.tex
File: tikzlibraryshapes.geometric.code.tex 2023-01-15 v3.1.10 (3.1.10)
 (/usr/share/texlive/texmf-dist/tex/generic/pgf/libraries/shapes/pgflibraryshapes.geometric.code.tex
File: pgflibraryshapes.geometric.code.tex 2023-01-15 v3.1.10 (3.1.10)
)) (/usr/share/texlive/texmf-dist/tex/generic/pgf/frontendlayer/tikz/libraries/datavisualization/tikzlibrarydatavisualization.code.tex
File: tikzlibrarydatavisualization.code.tex 2023-01-15 v3.1.10 (3.1.10)
 (/usr/share/texlive/texmf-dist/tex/generic/pgf/modules/pgfmoduledatavisualization.code.tex
File: pgfmoduledatavisualization.code.tex 2023-01-15 v3.1.10 (3.1.10)
 (/usr/share/texlive/texmf-dist/tex/generic/pgf/modules/pgfmoduleoo.code.tex
\pgfoo@objectcount=\count339
\pgfoothis@count=\count340
\pgfoo@toks=\toks54
)
\pgf@lib@dv@cache@count=\count341
\pgf@lib@dv@cache@count=\count342
) (/usr/share/texlive/texmf-dist/tex/generic/pgf/frontendlayer/tikz/libraries/tikzlibrarybackgrounds.code.tex
File: tikzlibrarybackgrounds.code.tex 2023-01-15 v3.1.10 (3.1.10)
\pgf@layerbox@background=\box118
\pgf@layerboxsaved@background=\box119
)
\tikzdvvisualizercounter=\count343
) (/usr/share/texlive/texmf-dist/tex/generic/pgf/frontendlayer/tikz/libraries/datavisualization/tikzlibrarydatavisualization.formats.functions.code.tex
File: tikzlibrarydatavisualization.formats.functions.code.tex 2023-01-15 v3.1.10 (3.1.10)
 (/usr/share/texlive/texmf-dist/tex/generic/pgf/libraries/datavisualization/pgflibrarydatavisualization.formats.functions.code.tex
File: pgflibrarydatavisualization.formats.functions.code.tex 2023-01-15 v3.1.10 (3.1.10)
)) (./analisi2.aux

LaTeX Warning: Label `fig:testsvg' multiply defined.


LaTeX Warning: Label `fig:testsvg' multiply defined.

)
\openout1 = `analisi2.aux'.

LaTeX Font Info:    Checking defaults for OML/cmm/m/it on input line 107.
LaTeX Font Info:    ... okay on input line 107.
LaTeX Font Info:    Checking defaults for OMS/cmsy/m/n on input line 107.
LaTeX Font Info:    ... okay on input line 107.
LaTeX Font Info:    Checking defaults for OT1/cmr/m/n on input line 107.
LaTeX Font Info:    ... okay on input line 107.
LaTeX Font Info:    Checking defaults for T1/cmr/m/n on input line 107.
LaTeX Font Info:    ... okay on input line 107.
LaTeX Font Info:    Checking defaults for TS1/cmr/m/n on input line 107.
LaTeX Font Info:    ... okay on input line 107.
LaTeX Font Info:    Checking defaults for OMX/cmex/m/n on input line 107.
LaTeX Font Info:    ... okay on input line 107.
LaTeX Font Info:    Checking defaults for U/cmr/m/n on input line 107.
LaTeX Font Info:    ... okay on input line 107.
 (/usr/share/texlive/texmf-dist/tex/context/base/mkii/supp-pdf.mkii
[Loading MPS to PDF converter (version 2006.09.02).]
\scratchcounter=\count344
\scratchdimen=\dimen322
\scratchbox=\box120
\nofMPsegments=\count345
\nofMParguments=\count346
\everyMPshowfont=\toks55
\MPscratchCnt=\count347
\MPscratchDim=\dimen323
\MPnumerator=\count348
\makeMPintoPDFobject=\count349
\everyMPtoPDFconversion=\toks56
) (/usr/share/texlive/texmf-dist/tex/latex/epstopdf-pkg/epstopdf-base.sty
Package: epstopdf-base 2020-01-24 v2.11 Base part for package epstopdf
Package epstopdf-base Info: Redefining graphics rule for `.eps' on input line 485.
 (/usr/share/texlive/texmf-dist/tex/latex/latexconfig/epstopdf-sys.cfg
File: epstopdf-sys.cfg 2010/07/13 v1.3 Configuration of (r)epstopdf for TeX Live
))
*geometry* driver: auto-detecting
*geometry* detected driver: pdftex
*geometry* verbose mode - [ preamble ] result:
* driver: pdftex
* paper: a4paper
* layout: <same size as paper>
* layoutoffset:(h,v)=(0.0pt,0.0pt)
* bindingoffset: 14.45377pt
* modes: 
* h-part:(L,W,R)=(56.9055pt, 469.2431pt, 56.9055pt)
* v-part:(T,H,B)=(56.9055pt, 731.23584pt, 56.9055pt)
* \paperwidth=597.50787pt
* \paperheight=845.04684pt
* \textwidth=469.2431pt
* \textheight=731.23584pt
* \oddsidemargin=-0.91072pt
* \evensidemargin=-15.36449pt
* \topmargin=-52.36449pt
* \headheight=12.0pt
* \headsep=25.0pt
* \topskip=10.0pt
* \footskip=18.06749pt
* \marginparwidth=57.0pt
* \marginparsep=11.0pt
* \columnsep=10.0pt
* \skip\footins=9.0pt plus 4.0pt minus 2.0pt
* \hoffset=0.0pt
* \voffset=0.0pt
* \mag=1000
* \@twocolumnfalse
* \@twosidefalse
* \@mparswitchfalse
* \@reversemarginfalse
* (1in=72.27pt=25.4mm, 1cm=28.453pt)

LaTeX Info: Redefining \it@ocap on input line 107.
LaTeX Info: Redefining \it@ccap on input line 107.

File italian.ldf warning: 
italian.ldf    With OT1 encoding guillemets are poorly faked
italian.ldf    Use T1 encoding
italian.ldf    or specify a font with command \CaporaliFrom
italian.ldf    See the documentation concerning the babel-italian typesetting
italian.ldf    on input line 107.

Package pgfplots notification 'compat/show suggested version=true': you might benefit from \pgfplotsset{compat=1.18} (current compat level: 1.9).

\c@definition=\count350
\c@theorem=\count351
\c@lemma=\count352
\c@observation=\count353
\c@corollary=\count354
\c@example=\count355
\c@problem=\count356
\c@solution=\count357
\c@proposition=\count358
LaTeX Font Info:    Trying to load font information for U+msa on input line 131.
(/usr/share/texlive/texmf-dist/tex/latex/amsfonts/umsa.fd
File: umsa.fd 2013/01/14 v3.01 AMS symbols A
)
LaTeX Font Info:    Trying to load font information for U+msb on input line 131.
 (/usr/share/texlive/texmf-dist/tex/latex/amsfonts/umsb.fd
File: umsb.fd 2013/01/14 v3.01 AMS symbols B
)
LaTeX Font Info:    Trying to load font information for U+esvect on input line 131.
 (/usr/share/texlive/texmf-dist/tex/latex/esvect/uesvect.fd
File: uesvect.fd 
)
Underfull \hbox (badness 10000) in paragraph at lines 136--145

 []


Underfull \hbox (badness 10000) in paragraph at lines 136--145

 []


Underfull \hbox (badness 10000) in paragraph at lines 151--152

 []


Underfull \hbox (badness 10000) in paragraph at lines 156--161

 []


Overfull \vbox (55.97652pt too high) has occurred while \output is active []

 [1

{/var/lib/texmf/fonts/map/pdftex/updmap/pdftex.map}]
Underfull \hbox (badness 10000) in paragraph at lines 267--269

 []


Underfull \hbox (badness 10000) in paragraph at lines 321--327

 []


Underfull \hbox (badness 10000) in paragraph at lines 330--340

 []

[2{/usr/share/texmf/fonts/enc/dvips/cm-super/cm-super-ts1.enc}]
NOTE: coordinate (2Y3.0e0],3Y0.0e0]) has been dropped because it is unbounded (in y). (see also unbounded coords=jump). 
NOTE: coordinate (2Y2.9393951e0],3Y0.0e0]) has been dropped because it is unbounded (in y). (see also unbounded coords=jump). 
NOTE: coordinate (2Y2.8787903e0],3Y0.0e0]) has been dropped because it is unbounded (in y). (see also unbounded coords=jump). 
NOTE: coordinate (2Y2.8181854e0],3Y0.0e0]) has been dropped because it is unbounded (in y). (see also unbounded coords=jump). 
NOTE: coordinate (2Y2.7575806e0],3Y0.0e0]) has been dropped because it is unbounded (in y). (see also unbounded coords=jump). 
NOTE: coordinate (2Y2.6969757e0],3Y0.0e0]) has been dropped because it is unbounded (in y). (see also unbounded coords=jump). 
NOTE: coordinate (2Y2.6363708e0],3Y0.0e0]) has been dropped because it is unbounded (in y). (see also unbounded coords=jump). 
NOTE: coordinate (2Y2.575766e0],3Y0.0e0]) has been dropped because it is unbounded (in y). (see also unbounded coords=jump). 
NOTE: coordinate (2Y2.5151611e0],3Y0.0e0]) has been dropped because it is unbounded (in y). (see also unbounded coords=jump). 
NOTE: coordinate (2Y2.4545563e0],3Y0.0e0]) has been dropped because it is unbounded (in y). (see also unbounded coords=jump). 
NOTE: coordinate (2Y2.3939514e0],3Y0.0e0]) has been dropped because it is unbounded (in y). (see also unbounded coords=jump). 
NOTE: coordinate (2Y2.3333466e0],3Y0.0e0]) has been dropped because it is unbounded (in y). (see also unbounded coords=jump). 
NOTE: coordinate (2Y2.2727417e0],3Y0.0e0]) has been dropped because it is unbounded (in y). (see also unbounded coords=jump). 
NOTE: coordinate (2Y2.2121368e0],3Y0.0e0]) has been dropped because it is unbounded (in y). (see also unbounded coords=jump). 
NOTE: coordinate (2Y2.151532e0],3Y0.0e0]) has been dropped because it is unbounded (in y). (see also unbounded coords=jump). 
NOTE: coordinate (2Y2.0909271e0],3Y0.0e0]) has been dropped because it is unbounded (in y). (see also unbounded coords=jump). 
NOTE: coordinate (2Y2.0303223e0],3Y0.0e0]) has been dropped because it is unbounded (in y). (see also unbounded coords=jump). 
NOTE: coordinate (2Y1.9697174e0],3Y0.0e0]) has been dropped because it is unbounded (in y). (see also unbounded coords=jump). 
NOTE: coordinate (2Y1.9091125e0],3Y0.0e0]) has been dropped because it is unbounded (in y). (see also unbounded coords=jump). 
NOTE: coordinate (2Y1.8485077e0],3Y0.0e0]) has been dropped because it is unbounded (in y). (see also unbounded coords=jump). 
NOTE: coordinate (2Y1.7879028e0],3Y0.0e0]) has been dropped because it is unbounded (in y). (see also unbounded coords=jump). 
NOTE: coordinate (2Y1.727298e0],3Y0.0e0]) has been dropped because it is unbounded (in y). (see also unbounded coords=jump). 
NOTE: coordinate (2Y1.6666931e0],3Y0.0e0]) has been dropped because it is unbounded (in y). (see also unbounded coords=jump). 
NOTE: coordinate (2Y1.6060883e0],3Y0.0e0]) has been dropped because it is unbounded (in y). (see also unbounded coords=jump). 
NOTE: coordinate (2Y1.5454834e0],3Y0.0e0]) has been dropped because it is unbounded (in y). (see also unbounded coords=jump). 
NOTE: coordinate (2Y1.4848785e0],3Y0.0e0]) has been dropped because it is unbounded (in y). (see also unbounded coords=jump). 
NOTE: coordinate (2Y1.4242737e0],3Y0.0e0]) has been dropped because it is unbounded (in y). (see also unbounded coords=jump). 
NOTE: coordinate (2Y1.3636688e0],3Y0.0e0]) has been dropped because it is unbounded (in y). (see also unbounded coords=jump). 
NOTE: coordinate (2Y1.303064e0],3Y0.0e0]) has been dropped because it is unbounded (in y). (see also unbounded coords=jump). 
NOTE: coordinate (2Y1.2424591e0],3Y0.0e0]) has been dropped because it is unbounded (in y). (see also unbounded coords=jump). 
NOTE: coordinate (2Y1.1818542e0],3Y0.0e0]) has been dropped because it is unbounded (in y). (see also unbounded coords=jump). 
NOTE: coordinate (2Y1.1212494e0],3Y0.0e0]) has been dropped because it is unbounded (in y). (see also unbounded coords=jump). 
NOTE: coordinate (2Y1.0606445e0],3Y0.0e0]) has been dropped because it is unbounded (in y). (see also unbounded coords=jump). 
NOTE: coordinate (2Y1.0000397e0],3Y0.0e0]) has been dropped because it is unbounded (in y). (see also unbounded coords=jump). 
NOTE: coordinate (2Y9.394348e-1],3Y0.0e0]) has been dropped because it is unbounded (in y). (see also unbounded coords=jump). 
NOTE: coordinate (2Y8.7882991e-1],3Y0.0e0]) has been dropped because it is unbounded (in y). (see also unbounded coords=jump). 
NOTE: coordinate (2Y8.1822502e-1],3Y0.0e0]) has been dropped because it is unbounded (in y). (see also unbounded coords=jump). 
NOTE: coordinate (2Y7.5762013e-1],3Y0.0e0]) has been dropped because it is unbounded (in y). (see also unbounded coords=jump). 
NOTE: coordinate (2Y6.9701524e-1],3Y0.0e0]) has been dropped because it is unbounded (in y). (see also unbounded coords=jump). 
NOTE: coordinate (2Y6.3641035e-1],3Y0.0e0]) has been dropped because it is unbounded (in y). (see also unbounded coords=jump). 
NOTE: coordinate (2Y5.7580547e-1],3Y0.0e0]) has been dropped because it is unbounded (in y). (see also unbounded coords=jump). 
NOTE: coordinate (2Y5.1520058e-1],3Y0.0e0]) has been dropped because it is unbounded (in y). (see also unbounded coords=jump). 
NOTE: coordinate (2Y4.5459569e-1],3Y0.0e0]) has been dropped because it is unbounded (in y). (see also unbounded coords=jump). 
NOTE: coordinate (2Y3.939908e-1],3Y0.0e0]) has been dropped because it is unbounded (in y). (see also unbounded coords=jump). 
NOTE: coordinate (2Y3.3338591e-1],3Y0.0e0]) has been dropped because it is unbounded (in y). (see also unbounded coords=jump). 
NOTE: coordinate (2Y2.7278102e-1],3Y0.0e0]) has been dropped because it is unbounded (in y). (see also unbounded coords=jump). 
NOTE: coordinate (2Y2.1217613e-1],3Y0.0e0]) has been dropped because it is unbounded (in y). (see also unbounded coords=jump). 
NOTE: coordinate (2Y1.5157124e-1],3Y0.0e0]) has been dropped because it is unbounded (in y). (see also unbounded coords=jump). 
NOTE: coordinate (2Y9.096635e-2],3Y0.0e0]) has been dropped because it is unbounded (in y). (see also unbounded coords=jump). 
NOTE: coordinate (2Y3.036145e-2],3Y0.0e0]) has been dropped because it is unbounded (in y). (see also unbounded coords=jump). 

Overfull \hbox (142.94409pt too wide) in paragraph at lines 360--404
[] | [] 
 []

[3]
Underfull \hbox (badness 10000) in paragraph at lines 478--480

 []


Underfull \hbox (badness 10000) in paragraph at lines 507--513

 []


Underfull \hbox (badness 10000) in paragraph at lines 518--521

 []


Underfull \hbox (badness 10000) in paragraph at lines 524--533

 []

[4]
Underfull \hbox (badness 10000) in paragraph at lines 557--559

 []

[5]
Underfull \hbox (badness 10000) in paragraph at lines 591--596

 []


Underfull \hbox (badness 10000) in paragraph at lines 635--637

 []

[6]
Underfull \hbox (badness 10000) in paragraph at lines 666--667

 []


Underfull \hbox (badness 10000) in paragraph at lines 694--699

 []

[7]
Underfull \hbox (badness 10000) in paragraph at lines 720--722

 []

LaTeX Font Info:    Trying to load font information for OMS+cmr on input line 726.
(/usr/share/texlive/texmf-dist/tex/latex/base/omscmr.fd
File: omscmr.fd 2023/04/13 v2.5m Standard LaTeX font definitions
)
LaTeX Font Info:    Font shape `OMS/cmr/m/sl' in size <10> not available
(Font)              Font shape `OMS/cmsy/m/n' tried instead on input line 726.


LaTeX Warning: The counter will not be printed.
             The label is: \space  on input line 729.


Underfull \hbox (badness 10000) in paragraph at lines 724--729

 []


Underfull \hbox (badness 10000) in paragraph at lines 724--729

 []


Overfull \hbox (40.18924pt too wide) in paragraph at lines 731--732
[]$\OML/cmm/m/it/10 C[]\OT1/cmr/m/n/10 (\OML/cmm/m/it/10 I\OT1/cmr/m/n/10 ) = \OMS/cmsy/m/n/10 f[]g$ 
 []


Underfull \hbox (badness 10000) in paragraph at lines 739--740

 []

[8]
Underfull \hbox (badness 10000) in paragraph at lines 763--767

 []


Underfull \hbox (badness 10000) in paragraph at lines 783--788

 []


Underfull \hbox (badness 10000) in paragraph at lines 797--799

 []


Underfull \hbox (badness 10000) in paragraph at lines 802--809

 []

[9]
Underfull \hbox (badness 10000) in paragraph at lines 812--816

 []


Underfull \hbox (badness 10000) in paragraph at lines 836--849

 []


Underfull \hbox (badness 10000) in paragraph at lines 836--849

 []

[10]
Underfull \hbox (badness 10000) in paragraph at lines 888--889

 []


Underfull \hbox (badness 10000) in paragraph at lines 893--895

 []


Underfull \hbox (badness 10000) in paragraph at lines 896--897

 []


Underfull \hbox (badness 10000) in paragraph at lines 898--901

 []


Underfull \hbox (badness 10000) in paragraph at lines 904--908

 []


LaTeX Warning: The counter will not be printed.
             The label is: \space  on input line 913.


Underfull \hbox (badness 10000) in paragraph at lines 928--932

 []


Underfull \hbox (badness 10000) in paragraph at lines 934--936

 []

[11]
Underfull \hbox (badness 10000) in paragraph at lines 940--942

 []


Underfull \hbox (badness 10000) in paragraph at lines 944--947

 []


Underfull \hbox (badness 10000) in paragraph at lines 954--957

 []


Underfull \hbox (badness 10000) in paragraph at lines 961--963

 []


Underfull \hbox (badness 10000) in paragraph at lines 971--972

 []


Underfull \hbox (badness 10000) in paragraph at lines 974--975

 []


Underfull \hbox (badness 10000) in paragraph at lines 978--981

 []


Underfull \hbox (badness 10000) in paragraph at lines 983--985

 []


Underfull \hbox (badness 10000) in paragraph at lines 987--989

 []

[12] [13]
Underfull \hbox (badness 10000) in paragraph at lines 1017--1018

 []


Underfull \hbox (badness 10000) in paragraph at lines 1038--1039

 []


Underfull \hbox (badness 10000) in paragraph at lines 1050--1051

 []

Package svg Info: Last page of `./svg-inkscape/anal1_svg-tex.pdf' is 1 on input line 1066.
(./svg-inkscape/anal1_svg-tex.pdf_tex
<./svg-inkscape/anal1_svg-tex.pdf, id=70, page=1, 418.3379pt x 320.77342pt>
File: ./svg-inkscape/anal1_svg-tex.pdf Graphic file (type pdf)
<use ./svg-inkscape/anal1_svg-tex.pdf, page 1>
Package pdftex.def Info: ./svg-inkscape/anal1_svg-tex.pdf , page1 used on input line 56.
(pdftex.def)             Requested size: 150.0pt x 115.01825pt.
) [14]
Underfull \hbox (badness 10000) in paragraph at lines 1081--1082

 []


Underfull \hbox (badness 10000) in paragraph at lines 1081--1082

 []


Underfull \hbox (badness 10000) in paragraph at lines 1084--1085

 []


Underfull \hbox (badness 10000) in paragraph at lines 1090--1091

 []


Underfull \hbox (badness 10000) in paragraph at lines 1100--1102

 []


Underfull \hbox (badness 10000) in paragraph at lines 1104--1106

 []


Underfull \hbox (badness 10000) in paragraph at lines 1108--1110

 []

[15 <./svg-inkscape/anal1_svg-tex.pdf>]
Underfull \hbox (badness 10000) in paragraph at lines 1121--1126

 []


Underfull \hbox (badness 10000) in paragraph at lines 1165--1169

 []


Underfull \hbox (badness 10000) in paragraph at lines 1174--1176

 []

[16] [17]
Underfull \hbox (badness 10000) in paragraph at lines 1194--1198

 []


Underfull \hbox (badness 10000) in paragraph at lines 1198--1199

 []


Underfull \hbox (badness 10000) in paragraph at lines 1206--1209

 []


Underfull \hbox (badness 10000) in paragraph at lines 1244--1245

 []


Underfull \hbox (badness 10000) in paragraph at lines 1252--1254

 []

[18]
Underfull \hbox (badness 10000) in paragraph at lines 1260--1263

 []


LaTeX Warning: The counter will not be printed.
             The label is: \space  on input line 1267.


Underfull \hbox (badness 10000) in paragraph at lines 1266--1267

 []


Underfull \hbox (badness 10000) in paragraph at lines 1277--1278

 []


Underfull \hbox (badness 10000) in paragraph at lines 1294--1297

 []


Underfull \hbox (badness 10000) in paragraph at lines 1298--1299

 []

[19]
Underfull \hbox (badness 10000) in paragraph at lines 1320--1323

 []


Overfull \hbox (29.36621pt too wide) detected at line 1334
[]
 []


Overfull \hbox (17.2677pt too wide) detected at line 1338
[]
 []


Overfull \hbox (41.20444pt too wide) detected at line 1348
[]
 []

[20]
Underfull \hbox (badness 10000) in paragraph at lines 1396--1398

 []


Underfull \hbox (badness 10000) in paragraph at lines 1431--1434

 []


Underfull \hbox (badness 10000) in paragraph at lines 1441--1443

 []

[21]
Underfull \hbox (badness 10000) in paragraph at lines 1447--1448

 []


Underfull \hbox (badness 10000) in paragraph at lines 1461--1463

 []


Underfull \hbox (badness 10000) in paragraph at lines 1468--1469

 []


Underfull \hbox (badness 10000) in paragraph at lines 1470--1471

 []


Underfull \hbox (badness 10000) in paragraph at lines 1490--1501

 []


Underfull \hbox (badness 10000) in paragraph at lines 1490--1501

 []

[22]
Underfull \hbox (badness 10000) in paragraph at lines 1535--1537

 []


Underfull \hbox (badness 10000) in paragraph at lines 1552--1554

 []

[23]
Package svg Info: Last page of `./svg-inkscape/anal2_svg-tex.pdf' is 1 on input line 1577.
 (./svg-inkscape/anal2_svg-tex.pdf_tex
<./svg-inkscape/anal2_svg-tex.pdf, id=108, page=1, 378.89053pt x 333.57123pt>
File: ./svg-inkscape/anal2_svg-tex.pdf Graphic file (type pdf)
<use ./svg-inkscape/anal2_svg-tex.pdf, page 1>
Package pdftex.def Info: ./svg-inkscape/anal2_svg-tex.pdf , page1 used on input line 56.
(pdftex.def)             Requested size: 150.0pt x 132.06203pt.
)
Underfull \hbox (badness 10000) in paragraph at lines 1582--1583

 []

[24 <./svg-inkscape/anal2_svg-tex.pdf>]
Underfull \hbox (badness 10000) in paragraph at lines 1653--1654

 []

[25] [26]
Underfull \hbox (badness 10000) in paragraph at lines 1700--1702

 []


Underfull \hbox (badness 10000) in paragraph at lines 1726--1727

 []


Underfull \hbox (badness 10000) in paragraph at lines 1735--1736

 []


Underfull \hbox (badness 10000) in paragraph at lines 1738--1740

 []


Underfull \hbox (badness 10000) in paragraph at lines 1742--1744

 []

[27]
Overfull \hbox (22.2368pt too wide) detected at line 1822
[]
 []

[28]
Package svg Info: Last page of `./svg-inkscape/anal3_svg-tex.pdf' is 1 on input line 1866.
 (./svg-inkscape/anal3_svg-tex.pdf_tex
<./svg-inkscape/anal3_svg-tex.pdf, id=128, page=1, 773.28903pt x 368.76521pt>
File: ./svg-inkscape/anal3_svg-tex.pdf Graphic file (type pdf)
<use ./svg-inkscape/anal3_svg-tex.pdf, page 1>
Package pdftex.def Info: ./svg-inkscape/anal3_svg-tex.pdf , page1 used on input line 56.
(pdftex.def)             Requested size: 150.0pt x 71.5291pt.
) [29 <./svg-inkscape/anal3_svg-tex.pdf>]
Underfull \hbox (badness 10000) in paragraph at lines 1949--1950

 []

[30]
Underfull \hbox (badness 10000) in paragraph at lines 1989--1991

 []


Underfull \hbox (badness 10000) in paragraph at lines 1992--1995

 []


Underfull \hbox (badness 10000) in paragraph at lines 1995--1996

 []


Underfull \hbox (badness 10000) in paragraph at lines 1998--2004

 []

[31]
Underfull \hbox (badness 10000) in paragraph at lines 2008--2009

 []


Underfull \hbox (badness 10000) in paragraph at lines 2008--2009

 []


Underfull \hbox (badness 10000) in paragraph at lines 2008--2009

 []


Underfull \hbox (badness 10000) in paragraph at lines 2008--2009

 []


Underfull \hbox (badness 10000) in paragraph at lines 2008--2009

 []


Underfull \hbox (badness 10000) in paragraph at lines 2008--2009

 []


Underfull \hbox (badness 10000) in paragraph at lines 2010--2018

 []


Underfull \hbox (badness 10000) in paragraph at lines 2010--2018

 []


LaTeX Warning: Command \textacutedbl invalid in math mode on input line 2019.


LaTeX Warning: Command \textacutedbl invalid in math mode on input line 2019.

Missing character: There is no  in font cmr10!

Underfull \hbox (badness 10000) in paragraph at lines 2019--2020

 []


Underfull \hbox (badness 10000) in paragraph at lines 2023--2024

 []


Underfull \hbox (badness 10000) in paragraph at lines 2037--2038

 []


Underfull \hbox (badness 10000) in paragraph at lines 2040--2042

 []


Underfull \hbox (badness 10000) in paragraph at lines 2046--2048

 []

[32]
Overfull \hbox (15.42642pt too wide) detected at line 2093
[]
 []


Underfull \hbox (badness 10000) in paragraph at lines 2098--2102

 []


Underfull \hbox (badness 10000) in paragraph at lines 2117--2120

 []

[33] [34]
Underfull \hbox (badness 10000) in paragraph at lines 2125--2128

 []


Underfull \hbox (badness 10000) in paragraph at lines 2160--2163

 []


Underfull \hbox (badness 10000) in paragraph at lines 2165--2169

 []


Underfull \hbox (badness 10000) in paragraph at lines 2179--2183

 []


Underfull \hbox (badness 10000) in paragraph at lines 2184--2185

 []

[35]
Underfull \hbox (badness 10000) in paragraph at lines 2215--2217

 []


Underfull \hbox (badness 10000) in paragraph at lines 2219--2221

 []


Underfull \hbox (badness 10000) in paragraph at lines 2228--2229

 []

[36]
Overfull \hbox (52.46548pt too wide) detected at line 2282
[]
 []

[37]
Underfull \hbox (badness 10000) in paragraph at lines 2322--2324

 []


Underfull \hbox (badness 10000) in paragraph at lines 2327--2329

 []


Underfull \hbox (badness 10000) in paragraph at lines 2335--2338

 []


Underfull \hbox (badness 10000) in paragraph at lines 2351--2353

 []

[38]
Underfull \hbox (badness 10000) in paragraph at lines 2368--2369

 []


Underfull \hbox (badness 10000) in paragraph at lines 2397--2398

 []


Underfull \hbox (badness 10000) in paragraph at lines 2477--2478

 []

[39]
Underfull \hbox (badness 10000) in paragraph at lines 2490--2491

 []


Underfull \hbox (badness 10000) in paragraph at lines 2506--2507

 []


Underfull \hbox (badness 10000) in paragraph at lines 2508--2509

 []

[40]
Underfull \hbox (badness 10000) in paragraph at lines 2516--2519

 []


Underfull \hbox (badness 10000) in paragraph at lines 2557--2558

 []

[41]
Underfull \hbox (badness 10000) in paragraph at lines 2610--2611

 []

[42]
Underfull \hbox (badness 10000) in paragraph at lines 2619--2620

 []

[43]
Underfull \hbox (badness 10000) in paragraph at lines 2652--2653

 []


Underfull \hbox (badness 10000) in paragraph at lines 2659--2660

 []


Underfull \hbox (badness 10000) in paragraph at lines 2666--2668

 []

[44] [45]
Underfull \hbox (badness 10000) in paragraph at lines 2835--2836

 []

[46]
Underfull \hbox (badness 10000) in paragraph at lines 2867--2871

 []

[47]
Underfull \hbox (badness 10000) in paragraph at lines 2878--2879

 []


Underfull \hbox (badness 10000) in paragraph at lines 2905--2906

 []


Underfull \hbox (badness 10000) in paragraph at lines 2910--2916

 []

[48]
Underfull \hbox (badness 10000) in paragraph at lines 2962--2964

 []


Underfull \hbox (badness 10000) in paragraph at lines 2970--2972

 []


Underfull \hbox (badness 10000) in paragraph at lines 2987--2990

 []

[49]
Underfull \hbox (badness 10000) in paragraph at lines 3012--3014

 []


Underfull \hbox (badness 10000) in paragraph at lines 3024--3026

 []

[50] [51] [52] [53] [54]
Underfull \hbox (badness 10000) in paragraph at lines 3331--3335

 []


Underfull \hbox (badness 10000) in paragraph at lines 3338--3344

 []

[55] [56]
Underfull \hbox (badness 10000) in paragraph at lines 3380--3382

 []

[57] [58]
Underfull \hbox (badness 10000) in paragraph at lines 3494--3495

 []

[59] [60]
Underfull \hbox (badness 10000) in paragraph at lines 3579--3580

 []

[61]
Underfull \hbox (badness 10000) in paragraph at lines 3638--3641

 []

[62] [63]
Underfull \hbox (badness 10000) in paragraph at lines 3685--3688

 []


Underfull \hbox (badness 10000) in paragraph at lines 3685--3688

 []


Underfull \hbox (badness 10000) in paragraph at lines 3685--3688

 []


Overfull \hbox (72.34698pt too wide) detected at line 3725
[]
 []

[64]
Underfull \hbox (badness 10000) in paragraph at lines 3768--3769

 []

[65]
Underfull \hbox (badness 10000) in paragraph at lines 3779--3781

 []


Underfull \hbox (badness 10000) in paragraph at lines 3793--3800

 []


Overfull \hbox (189.3304pt too wide) detected at line 3809
[]
 []


Underfull \hbox (badness 10000) in paragraph at lines 3809--3812

 []

[66]
Underfull \hbox (badness 10000) in paragraph at lines 3846--3848

 []


Underfull \hbox (badness 10000) in paragraph at lines 3882--3884

 []

[67] [68]
Underfull \hbox (badness 10000) in paragraph at lines 3929--3934

 []


Underfull \hbox (badness 10000) in paragraph at lines 3953--3954

 []

[69] [70] [71] [72]

LaTeX Font Warning: Command \tiny invalid in math mode on input line 4208.


LaTeX Font Warning: Command \normalsize invalid in math mode on input line 4208.


LaTeX Font Warning: Command \tiny invalid in math mode on input line 4208.


LaTeX Font Warning: Command \normalsize invalid in math mode on input line 4208.

[73]
Underfull \hbox (badness 10000) in paragraph at lines 4212--4216

 []


Underfull \hbox (badness 10000) in paragraph at lines 4233--4235

 []


Underfull \hbox (badness 10000) in paragraph at lines 4239--4243

 []

[74] [75]
Underfull \hbox (badness 10000) in paragraph at lines 4292--4293

 []

[76]
Underfull \hbox (badness 10000) in paragraph at lines 4400--4402

 []

[77] [78] [79]
Underfull \hbox (badness 10000) in paragraph at lines 4563--4568

 []


Underfull \hbox (badness 10000) in paragraph at lines 4622--4625

 []

[80]
Underfull \hbox (badness 10000) in paragraph at lines 4653--4655

 []

[81] [82]
Underfull \hbox (badness 10000) in paragraph at lines 4709--4710

 []


Underfull \hbox (badness 10000) in paragraph at lines 4749--4751

 []


Underfull \hbox (badness 10000) in paragraph at lines 4782--4783

 []


Underfull \hbox (badness 10000) in paragraph at lines 4782--4783

 []

[83]
Underfull \hbox (badness 10000) in paragraph at lines 4792--4793

 []


Underfull \hbox (badness 10000) in paragraph at lines 4822--4824

 []

[84]
Underfull \hbox (badness 10000) in paragraph at lines 4904--4905

 []


Overfull \hbox (33.27884pt too wide) detected at line 4944
[]
 []

[85] [86] [87]
Overfull \hbox (9.39423pt too wide) detected at line 5112
[]
 []


Overfull \hbox (37.9638pt too wide) detected at line 5116
[]
 []

[88]
Underfull \hbox (badness 10000) in paragraph at lines 5154--5156

 []

Missing character: There is no ; in font nullfont!
Missing character: There is no ; in font nullfont!
[89] [90] [91]
Underfull \hbox (badness 10000) in paragraph at lines 5402--5404

 []

[92]
Overfull \hbox (68.80008pt too wide) in paragraph at lines 5506--5507
 [] 
 []

[93]
Underfull \hbox (badness 10000) in paragraph at lines 5567--5569

 []


Underfull \hbox (badness 10000) in paragraph at lines 5571--5573

 []

[94]
Underfull \hbox (badness 10000) in paragraph at lines 5594--5595

 []

Missing character: There is no ; in font nullfont!
Missing character: There is no ; in font nullfont!
[95]
Overfull \hbox (60.92651pt too wide) detected at line 5652
[]
 []

[96]
Underfull \hbox (badness 10000) in paragraph at lines 5681--5682

 []

[97]
Overfull \hbox (51.08208pt too wide) detected at line 5719
[]
 []


Overfull \hbox (38.74301pt too wide) detected at line 5729
[]
 []

[98]
Underfull \hbox (badness 10000) in paragraph at lines 5822--5826

 []

[99] [100]
Overfull \hbox (7.57243pt too wide) in paragraph at lines 5863--5865
\OT1/cmr/m/n/10 Se ab-bia-mo una cer-ta for-ma dif-fe-ren-zia-le $\OML/cmm/m/it/10 !$ \OT1/cmr/m/n/10 esat-ta, e $\OML/cmm/m/it/10 ! \OT1/cmr/m/n/10 = [](\OML/cmm/m/it/10 x; y\OT1/cmr/m/n/10 )\OML/cmm/m/it/10 dx \OT1/cmr/m/n/10 +
 []


Underfull \hbox (badness 10000) in paragraph at lines 5867--5869

 []


Underfull \hbox (badness 10000) in paragraph at lines 5878--5879

 []


Package wrapfig Warning: wrapfigure used inside a conflicting environment on input line 5886.

Missing character: There is no ; in font nullfont!

Package wrapfig Warning: Stationary wrapfigure forced to float on input line 5891.


Underfull \hbox (badness 10000) in paragraph at lines 5891--5898

 []


Underfull \hbox (badness 10000) in paragraph at lines 5891--5898

 []


Underfull \hbox (badness 10000) in paragraph at lines 5891--5898

 []


Underfull \hbox (badness 10000) in paragraph at lines 5891--5898

 []


Underfull \hbox (badness 10000) in paragraph at lines 5891--5898

 []


Package wrapfig Warning: Stationary wrapfigure forced to float on input line 5899.

[101]

Package wrapfig Warning: Stationary wrapfigure forced to float on input line 5915.


Underfull \hbox (badness 10000) in paragraph at lines 5915--5916

 []


Underfull \hbox (badness 10000) in paragraph at lines 5918--5920

 []


Package wrapfig Warning: Stationary wrapfigure forced to float on input line 5935.


Package wrapfig Warning: Stationary wrapfigure forced to float on input line 5938.


Overfull \hbox (195.029pt too wide) in paragraph at lines 5941--5945
[] 
 []


Underfull \hbox (badness 10000) in paragraph at lines 5948--5950

 []

[102]

Package wrapfig Warning: Stationary wrapfigure forced to float on input line 5975.


Underfull \hbox (badness 10000) in paragraph at lines 5988--5992

 []


Underfull \hbox (badness 10000) in paragraph at lines 5988--5992

 []


Underfull \hbox (badness 10000) in paragraph at lines 5988--5992

 []


Underfull \hbox (badness 10000) in paragraph at lines 5988--5992

 []


Underfull \hbox (badness 10000) in paragraph at lines 5988--5992

 []


Underfull \hbox (badness 10000) in paragraph at lines 5988--5992

 []


Underfull \hbox (badness 10000) in paragraph at lines 5988--5992

 []


Underfull \hbox (badness 10000) in paragraph at lines 6004--6006

 []


Underfull \hbox (badness 10000) in paragraph at lines 6015--6016

 []

[103]
Underfull \hbox (badness 10000) in paragraph at lines 6065--6067

 []


Underfull \hbox (badness 10000) in paragraph at lines 6116--6117

 []


LaTeX Font Warning: Command \tiny invalid in math mode on input line 6122.


LaTeX Font Warning: Command \tiny invalid in math mode on input line 6122.

[104]
Underfull \hbox (badness 10000) in paragraph at lines 6170--6173

 []

[105]

LaTeX Font Warning: Command \tiny invalid in math mode on input line 6280.


LaTeX Font Warning: Command \tiny invalid in math mode on input line 6280.

[106]
Underfull \hbox (badness 10000) in paragraph at lines 6302--6303

 []

[107] [108]
Underfull \hbox (badness 10000) in paragraph at lines 6394--6395

 []

Missing character: There is no ; in font nullfont!

Underfull \hbox (badness 10000) in paragraph at lines 6439--6445

 []

[109] [110]
Underfull \hbox (badness 10000) in paragraph at lines 6571--6573

 []


Underfull \hbox (badness 10000) in paragraph at lines 6579--6583

 []

Missing character: There is no ; in font nullfont!
Missing character: There is no ; in font nullfont!
[111]
Underfull \hbox (badness 10000) in paragraph at lines 6642--6644

 []

[112] [113] [114] [115]
Underfull \hbox (badness 10000) in paragraph at lines 6834--6838

 []

[116]
Underfull \hbox (badness 10000) in paragraph at lines 6875--6886

 []


Underfull \hbox (badness 10000) in paragraph at lines 6875--6886

 []


Underfull \hbox (badness 10000) in paragraph at lines 6922--6942

 []


Underfull \hbox (badness 10000) in paragraph at lines 6922--6942

 []


Underfull \hbox (badness 10000) in paragraph at lines 6922--6942

 []

[117] [118]
Underfull \hbox (badness 10000) in paragraph at lines 6959--6964

 []

[119]
Underfull \hbox (badness 10000) in paragraph at lines 7031--7034

 []


Underfull \hbox (badness 10000) in paragraph at lines 7072--7073

 []

[120]
Overfull \hbox (9.14606pt too wide) detected at line 7101
[]
 []


Overfull \hbox (6.03421pt too wide) detected at line 7106
[]
 []

[121] [122]
Underfull \hbox (badness 10000) in paragraph at lines 7161--7162

 []


Underfull \hbox (badness 10000) in paragraph at lines 7187--7188

 []


Underfull \hbox (badness 10000) in paragraph at lines 7187--7188

 []

[123] [124]
Underfull \hbox (badness 10000) in paragraph at lines 7309--7310

 []

[125]
Underfull \hbox (badness 10000) in paragraph at lines 7353--7356

 []


Underfull \hbox (badness 10000) in paragraph at lines 7369--7370

 []

[126] [127]
Underfull \hbox (badness 10000) in paragraph at lines 7431--7438

 []


Underfull \hbox (badness 10000) in paragraph at lines 7449--7450

 []

[128]
Overfull \hbox (16.3462pt too wide) detected at line 7496
[]
 []


Underfull \hbox (badness 10000) in paragraph at lines 7496--7499

 []


Overfull \hbox (55.4702pt too wide) detected at line 7509
[]
 []

[129] [130] [131]
Underfull \hbox (badness 10000) in paragraph at lines 7621--7622

 []


Overfull \hbox (71.33752pt too wide) detected at line 7633
[]
 []

[132]
Underfull \hbox (badness 10000) in paragraph at lines 7710--7713

 []

[133]
Underfull \hbox (badness 10000) in paragraph at lines 7738--7739

 []


Underfull \hbox (badness 10000) in paragraph at lines 7750--7754

 []


Underfull \hbox (badness 10000) in paragraph at lines 7755--7757

 []

[134]
Underfull \hbox (badness 10000) in paragraph at lines 7831--7832

 []

[135] [136]
Underfull \hbox (badness 10000) in paragraph at lines 7923--7924

 []


Underfull \hbox (badness 10000) in paragraph at lines 7937--7939

 []

[137]
Underfull \hbox (badness 10000) in paragraph at lines 7970--7971

 []


Overfull \hbox (70.05545pt too wide) detected at line 7995
[]
 []


Underfull \hbox (badness 10000) in paragraph at lines 8003--8004

 []


Underfull \hbox (badness 10000) in paragraph at lines 8010--8014

 []

[138] [139]
Underfull \hbox (badness 10000) in paragraph at lines 8080--8084

 []

[140] (./analisi2.aux)
 ***********
LaTeX2e <2023-11-01> patch level 1
L3 programming layer <2024-01-22>
 ***********


LaTeX Warning: There were multiply-defined labels.

 ) 
Here is how much of TeX's memory you used:
 37463 strings out of 474222
 934881 string characters out of 5748733
 3647368 words of memory out of 5000000
 59126 multiletter control sequences out of 15000+600000
 575054 words of font info for 102 fonts, out of 8000000 for 9000
 1141 hyphenation exceptions out of 8191
 99i,28n,107p,798b,8793s stack positions out of 10000i,1000n,20000p,200000b,200000s
</usr/share/texlive/texmf-dist/fonts/type1/public/amsfonts/cm/cmbx10.pfb></usr/share/texlive/texmf-dist/fonts/type1/public/amsfonts/cm/cmbx12.pfb></usr/share/texlive/texmf-dist/fonts/type1/public/amsfonts/cm/cmbx7.pfb></usr/share/texlive/texmf-dist/fonts/type1/public/amsfonts/cm/cmbxsl10.pfb></usr/share/texlive/texmf-dist/fonts/type1/public/amsfonts/cm/cmbxti10.pfb></usr/share/texlive/texmf-dist/fonts/type1/public/amsfonts/cm/cmex10.pfb></usr/share/texlive/texmf-dist/fonts/type1/public/amsfonts/cmextra/cmex7.pfb></usr/share/texlive/texmf-dist/fonts/type1/public/amsfonts/cm/cmmi10.pfb></usr/share/texlive/texmf-dist/fonts/type1/public/amsfonts/cm/cmmi5.pfb></usr/share/texlive/texmf-dist/fonts/type1/public/amsfonts/cm/cmmi6.pfb></usr/share/texlive/texmf-dist/fonts/type1/public/amsfonts/cm/cmmi7.pfb></usr/share/texlive/texmf-dist/fonts/type1/public/amsfonts/cm/cmmi9.pfb></usr/share/texlive/texmf-dist/fonts/type1/public/amsfonts/cm/cmr10.pfb></usr/share/texlive/texmf-dist/fonts/type1/public/amsfonts/cm/cmr12.pfb></usr/share/texlive/texmf-dist/fonts/type1/public/amsfonts/cm/cmr17.pfb></usr/share/texlive/texmf-dist/fonts/type1/public/amsfonts/cm/cmr5.pfb></usr/share/texlive/texmf-dist/fonts/type1/public/amsfonts/cm/cmr6.pfb></usr/share/texlive/texmf-dist/fonts/type1/public/amsfonts/cm/cmr7.pfb></usr/share/texlive/texmf-dist/fonts/type1/public/amsfonts/cm/cmr9.pfb></usr/share/texlive/texmf-dist/fonts/type1/public/amsfonts/cm/cmsl10.pfb></usr/share/texlive/texmf-dist/fonts/type1/public/amsfonts/cm/cmsl8.pfb></usr/share/texlive/texmf-dist/fonts/type1/public/amsfonts/cm/cmsl9.pfb></usr/share/texlive/texmf-dist/fonts/type1/public/amsfonts/cm/cmsy10.pfb></usr/share/texlive/texmf-dist/fonts/type1/public/amsfonts/cm/cmsy5.pfb></usr/share/texlive/texmf-dist/fonts/type1/public/amsfonts/cm/cmsy7.pfb></usr/share/texlive/texmf-dist/fonts/type1/public/amsfonts/cm/cmti10.pfb></usr/share/texlive/texmf-dist/fonts/type1/public/amsfonts/latxfont/line10.pfb></usr/share/texlive/texmf-dist/fonts/type1/public/amsfonts/symbols/msam10.pfb></usr/share/texlive/texmf-dist/fonts/type1/public/amsfonts/symbols/msam7.pfb></usr/share/texlive/texmf-dist/fonts/type1/public/amsfonts/symbols/msbm10.pfb></usr/share/texlive/texmf-dist/fonts/type1/public/amsfonts/symbols/msbm7.pfb></usr/share/texmf/fonts/type1/public/cm-super/sfbl1000.pfb></usr/share/texmf/fonts/type1/public/cm-super/sfbx1000.pfb></usr/share/texmf/fonts/type1/public/cm-super/sfrm1000.pfb></usr/share/texmf/fonts/type1/public/cm-super/sfsl0700.pfb></usr/share/texmf/fonts/type1/public/cm-super/sfsl1000.pfb></usr/share/texlive/texmf-dist/fonts/type1/public/esvect/vect10.pfb></usr/share/texlive/texmf-dist/fonts/type1/public/esvect/vect5.pfb>
Output written on analisi2.pdf (140 pages, 2768224 bytes).
PDF statistics:
 7411 PDF objects out of 7423 (max. 8388607)
 3791 compressed objects within 38 object streams
 0 named destinations out of 1000 (max. 500000)
 23545 words of extra memory for PDF output out of 24883 (max. 10000000)

