This is pdfTeX, Version 3.141592653-2.6-1.40.25 (TeX Live 2023/Debian) (preloaded format=pdflatex 2025.9.15)  22 NOV 2025 20:01
entering extended mode
 restricted \write18 enabled.
 file:line:error style messages enabled.
 %&-line parsing enabled.
**/home/ale/Documents/programming/latex/fluidi/fluidi.tex
(/home/ale/Documents/programming/latex/fluidi/fluidi.tex
LaTeX2e <2023-11-01> patch level 1
L3 programming layer <2024-01-22>
(/usr/share/texlive/texmf-dist/tex/latex/base/article.cls
Document Class: article 2023/05/17 v1.4n Standard LaTeX document class
(/usr/share/texlive/texmf-dist/tex/latex/base/size10.clo
File: size10.clo 2023/05/17 v1.4n Standard LaTeX file (size option)
)
\c@part=\count187
\c@section=\count188
\c@subsection=\count189
\c@subsubsection=\count190
\c@paragraph=\count191
\c@subparagraph=\count192
\c@figure=\count193
\c@table=\count194
\abovecaptionskip=\skip48
\belowcaptionskip=\skip49
\bibindent=\dimen140
) (/usr/share/texlive/texmf-dist/tex/latex/wrapfig/wrapfig.sty
\wrapoverhang=\dimen141
\WF@size=\dimen142
\c@WF@wrappedlines=\count195
\WF@box=\box51
\WF@everypar=\toks17
Package: wrapfig 2003/01/31  v 3.6
) (/usr/share/texlive/texmf-dist/tex/latex/graphics/graphicx.sty
Package: graphicx 2021/09/16 v1.2d Enhanced LaTeX Graphics (DPC,SPQR)
 (/usr/share/texlive/texmf-dist/tex/latex/graphics/keyval.sty
Package: keyval 2022/05/29 v1.15 key=value parser (DPC)
\KV@toks@=\toks18
) (/usr/share/texlive/texmf-dist/tex/latex/graphics/graphics.sty
Package: graphics 2022/03/10 v1.4e Standard LaTeX Graphics (DPC,SPQR)
 (/usr/share/texlive/texmf-dist/tex/latex/graphics/trig.sty
Package: trig 2021/08/11 v1.11 sin cos tan (DPC)
) (/usr/share/texlive/texmf-dist/tex/latex/graphics-cfg/graphics.cfg
File: graphics.cfg 2016/06/04 v1.11 sample graphics configuration
)
Package graphics Info: Driver file: pdftex.def on input line 107.
 (/usr/share/texlive/texmf-dist/tex/latex/graphics-def/pdftex.def
File: pdftex.def 2022/09/22 v1.2b Graphics/color driver for pdftex
))
\Gin@req@height=\dimen143
\Gin@req@width=\dimen144
) (/usr/share/texlive/texmf-dist/tex/latex/amscls/amsthm.sty
Package: amsthm 2020/05/29 v2.20.6
\thm@style=\toks19
\thm@bodyfont=\toks20
\thm@headfont=\toks21
\thm@notefont=\toks22
\thm@headpunct=\toks23
\thm@preskip=\skip50
\thm@postskip=\skip51
\thm@headsep=\skip52
\dth@everypar=\toks24
) (/usr/share/texlive/texmf-dist/tex/latex/amsmath/amsmath.sty
Package: amsmath 2023/05/13 v2.17o AMS math features
\@mathmargin=\skip53

For additional information on amsmath, use the `?' option.
(/usr/share/texlive/texmf-dist/tex/latex/amsmath/amstext.sty
Package: amstext 2021/08/26 v2.01 AMS text
 (/usr/share/texlive/texmf-dist/tex/latex/amsmath/amsgen.sty
File: amsgen.sty 1999/11/30 v2.0 generic functions
\@emptytoks=\toks25
\ex@=\dimen145
)) (/usr/share/texlive/texmf-dist/tex/latex/amsmath/amsbsy.sty
Package: amsbsy 1999/11/29 v1.2d Bold Symbols
\pmbraise@=\dimen146
) (/usr/share/texlive/texmf-dist/tex/latex/amsmath/amsopn.sty
Package: amsopn 2022/04/08 v2.04 operator names
)
\inf@bad=\count196
LaTeX Info: Redefining \frac on input line 234.
\uproot@=\count197
\leftroot@=\count198
LaTeX Info: Redefining \overline on input line 399.
LaTeX Info: Redefining \colon on input line 410.
\classnum@=\count199
\DOTSCASE@=\count266
LaTeX Info: Redefining \ldots on input line 496.
LaTeX Info: Redefining \dots on input line 499.
LaTeX Info: Redefining \cdots on input line 620.
\Mathstrutbox@=\box52
\strutbox@=\box53
LaTeX Info: Redefining \big on input line 722.
LaTeX Info: Redefining \Big on input line 723.
LaTeX Info: Redefining \bigg on input line 724.
LaTeX Info: Redefining \Bigg on input line 725.
\big@size=\dimen147
LaTeX Font Info:    Redeclaring font encoding OML on input line 743.
LaTeX Font Info:    Redeclaring font encoding OMS on input line 744.
\macc@depth=\count267
LaTeX Info: Redefining \bmod on input line 905.
LaTeX Info: Redefining \pmod on input line 910.
LaTeX Info: Redefining \smash on input line 940.
LaTeX Info: Redefining \relbar on input line 970.
LaTeX Info: Redefining \Relbar on input line 971.
\c@MaxMatrixCols=\count268
\dotsspace@=\muskip16
\c@parentequation=\count269
\dspbrk@lvl=\count270
\tag@help=\toks26
\row@=\count271
\column@=\count272
\maxfields@=\count273
\andhelp@=\toks27
\eqnshift@=\dimen148
\alignsep@=\dimen149
\tagshift@=\dimen150
\tagwidth@=\dimen151
\totwidth@=\dimen152
\lineht@=\dimen153
\@envbody=\toks28
\multlinegap=\skip54
\multlinetaggap=\skip55
\mathdisplay@stack=\toks29
LaTeX Info: Redefining \[ on input line 2953.
LaTeX Info: Redefining \] on input line 2954.
) (/usr/share/texlive/texmf-dist/tex/latex/amsfonts/amssymb.sty
Package: amssymb 2013/01/14 v3.01 AMS font symbols
 (/usr/share/texlive/texmf-dist/tex/latex/amsfonts/amsfonts.sty
Package: amsfonts 2013/01/14 v3.01 Basic AMSFonts support
\symAMSa=\mathgroup4
\symAMSb=\mathgroup5
LaTeX Font Info:    Redeclaring math symbol \hbar on input line 98.
LaTeX Font Info:    Overwriting math alphabet `\mathfrak' in version `bold'
(Font)                  U/euf/m/n --> U/euf/b/n on input line 106.
)) (/usr/share/texlive/texmf-dist/tex/latex/geometry/geometry.sty
Package: geometry 2020/01/02 v5.9 Page Geometry
 (/usr/share/texlive/texmf-dist/tex/generic/iftex/ifvtex.sty
Package: ifvtex 2019/10/25 v1.7 ifvtex legacy package. Use iftex instead.
 (/usr/share/texlive/texmf-dist/tex/generic/iftex/iftex.sty
Package: iftex 2022/02/03 v1.0f TeX engine tests
))
\Gm@cnth=\count274
\Gm@cntv=\count275
\c@Gm@tempcnt=\count276
\Gm@bindingoffset=\dimen154
\Gm@wd@mp=\dimen155
\Gm@odd@mp=\dimen156
\Gm@even@mp=\dimen157
\Gm@layoutwidth=\dimen158
\Gm@layoutheight=\dimen159
\Gm@layouthoffset=\dimen160
\Gm@layoutvoffset=\dimen161
\Gm@dimlist=\toks30
) (/usr/share/texlive/texmf-dist/tex/generic/babel/babel.sty
Package: babel 2024/01/07 v24.1 The Babel package
\babel@savecnt=\count277
\U@D=\dimen162
\l@unhyphenated=\language89
 (/usr/share/texlive/texmf-dist/tex/generic/babel/txtbabel.def)
\bbl@readstream=\read2
\bbl@dirlevel=\count278
 (/usr/share/texlive/texmf-dist/tex/generic/babel-italian/italian.ldf
Language: italian 2024/01/03 v.1.5.00 Italian support for the babel system
\it@lettering=\count279
\it@doublequoteactive=\count280
\it@ISOcompliance=\count281
)) (/usr/share/texlive/texmf-dist/tex/generic/babel/locale/it/babel-italian.tex
Package babel Info: Importing font and identification data for italian
(babel)             from babel-it.ini. Reported on input line 11.
) (/usr/share/texlive/texmf-dist/tex/latex/etoolbox/etoolbox.sty
Package: etoolbox 2020/10/05 v2.5k e-TeX tools for LaTeX (JAW)
\etb@tempcnta=\count282
) (/usr/share/texlive/texmf-dist/tex/latex/pgfplots/pgfplots.sty (/usr/share/texlive/texmf-dist/tex/generic/pgfplots/pgfplots.revision.tex)
Package: pgfplots 2021/05/15 v1.18.1 Data Visualization (1.18.1)
 (/usr/share/texlive/texmf-dist/tex/latex/pgf/frontendlayer/tikz.sty (/usr/share/texlive/texmf-dist/tex/latex/pgf/basiclayer/pgf.sty (/usr/share/texlive/texmf-dist/tex/latex/pgf/utilities/pgfrcs.sty (/usr/share/texlive/texmf-dist/tex/generic/pgf/utilities/pgfutil-common.tex
\pgfutil@everybye=\toks31
\pgfutil@tempdima=\dimen163
\pgfutil@tempdimb=\dimen164
) (/usr/share/texlive/texmf-dist/tex/generic/pgf/utilities/pgfutil-latex.def
\pgfutil@abb=\box54
) (/usr/share/texlive/texmf-dist/tex/generic/pgf/utilities/pgfrcs.code.tex (/usr/share/texlive/texmf-dist/tex/generic/pgf/pgf.revision.tex)
Package: pgfrcs 2023-01-15 v3.1.10 (3.1.10)
))
Package: pgf 2023-01-15 v3.1.10 (3.1.10)
 (/usr/share/texlive/texmf-dist/tex/latex/pgf/basiclayer/pgfcore.sty (/usr/share/texlive/texmf-dist/tex/latex/pgf/systemlayer/pgfsys.sty (/usr/share/texlive/texmf-dist/tex/generic/pgf/systemlayer/pgfsys.code.tex
Package: pgfsys 2023-01-15 v3.1.10 (3.1.10)
 (/usr/share/texlive/texmf-dist/tex/generic/pgf/utilities/pgfkeys.code.tex
\pgfkeys@pathtoks=\toks32
\pgfkeys@temptoks=\toks33
 (/usr/share/texlive/texmf-dist/tex/generic/pgf/utilities/pgfkeyslibraryfiltered.code.tex
\pgfkeys@tmptoks=\toks34
))
\pgf@x=\dimen165
\pgf@y=\dimen166
\pgf@xa=\dimen167
\pgf@ya=\dimen168
\pgf@xb=\dimen169
\pgf@yb=\dimen170
\pgf@xc=\dimen171
\pgf@yc=\dimen172
\pgf@xd=\dimen173
\pgf@yd=\dimen174
\w@pgf@writea=\write3
\r@pgf@reada=\read3
\c@pgf@counta=\count283
\c@pgf@countb=\count284
\c@pgf@countc=\count285
\c@pgf@countd=\count286
\t@pgf@toka=\toks35
\t@pgf@tokb=\toks36
\t@pgf@tokc=\toks37
\pgf@sys@id@count=\count287
 (/usr/share/texlive/texmf-dist/tex/generic/pgf/systemlayer/pgf.cfg
File: pgf.cfg 2023-01-15 v3.1.10 (3.1.10)
)
Driver file for pgf: pgfsys-pdftex.def
 (/usr/share/texlive/texmf-dist/tex/generic/pgf/systemlayer/pgfsys-pdftex.def
File: pgfsys-pdftex.def 2023-01-15 v3.1.10 (3.1.10)
 (/usr/share/texlive/texmf-dist/tex/generic/pgf/systemlayer/pgfsys-common-pdf.def
File: pgfsys-common-pdf.def 2023-01-15 v3.1.10 (3.1.10)
))) (/usr/share/texlive/texmf-dist/tex/generic/pgf/systemlayer/pgfsyssoftpath.code.tex
File: pgfsyssoftpath.code.tex 2023-01-15 v3.1.10 (3.1.10)
\pgfsyssoftpath@smallbuffer@items=\count288
\pgfsyssoftpath@bigbuffer@items=\count289
) (/usr/share/texlive/texmf-dist/tex/generic/pgf/systemlayer/pgfsysprotocol.code.tex
File: pgfsysprotocol.code.tex 2023-01-15 v3.1.10 (3.1.10)
)) (/usr/share/texlive/texmf-dist/tex/latex/xcolor/xcolor.sty
Package: xcolor 2023/11/15 v3.01 LaTeX color extensions (UK)
 (/usr/share/texlive/texmf-dist/tex/latex/graphics-cfg/color.cfg
File: color.cfg 2016/01/02 v1.6 sample color configuration
)
Package xcolor Info: Driver file: pdftex.def on input line 274.
 (/usr/share/texlive/texmf-dist/tex/latex/graphics/mathcolor.ltx)
Package xcolor Info: Model `cmy' substituted by `cmy0' on input line 1350.
Package xcolor Info: Model `hsb' substituted by `rgb' on input line 1354.
Package xcolor Info: Model `RGB' extended on input line 1366.
Package xcolor Info: Model `HTML' substituted by `rgb' on input line 1368.
Package xcolor Info: Model `Hsb' substituted by `hsb' on input line 1369.
Package xcolor Info: Model `tHsb' substituted by `hsb' on input line 1370.
Package xcolor Info: Model `HSB' substituted by `hsb' on input line 1371.
Package xcolor Info: Model `Gray' substituted by `gray' on input line 1372.
Package xcolor Info: Model `wave' substituted by `hsb' on input line 1373.
) (/usr/share/texlive/texmf-dist/tex/generic/pgf/basiclayer/pgfcore.code.tex
Package: pgfcore 2023-01-15 v3.1.10 (3.1.10)
 (/usr/share/texlive/texmf-dist/tex/generic/pgf/math/pgfmath.code.tex (/usr/share/texlive/texmf-dist/tex/generic/pgf/math/pgfmathutil.code.tex) (/usr/share/texlive/texmf-dist/tex/generic/pgf/math/pgfmathparser.code.tex
\pgfmath@dimen=\dimen175
\pgfmath@count=\count290
\pgfmath@box=\box55
\pgfmath@toks=\toks38
\pgfmath@stack@operand=\toks39
\pgfmath@stack@operation=\toks40
) (/usr/share/texlive/texmf-dist/tex/generic/pgf/math/pgfmathfunctions.code.tex) (/usr/share/texlive/texmf-dist/tex/generic/pgf/math/pgfmathfunctions.basic.code.tex) (/usr/share/texlive/texmf-dist/tex/generic/pgf/math/pgfmathfunctions.trigonometric.code.tex) (/usr/share/texlive/texmf-dist/tex/generic/pgf/math/pgfmathfunctions.random.code.tex) (/usr/share/texlive/texmf-dist/tex/generic/pgf/math/pgfmathfunctions.comparison.code.tex) (/usr/share/texlive/texmf-dist/tex/generic/pgf/math/pgfmathfunctions.base.code.tex) (/usr/share/texlive/texmf-dist/tex/generic/pgf/math/pgfmathfunctions.round.code.tex) (/usr/share/texlive/texmf-dist/tex/generic/pgf/math/pgfmathfunctions.misc.code.tex) (/usr/share/texlive/texmf-dist/tex/generic/pgf/math/pgfmathfunctions.integerarithmetics.code.tex) (/usr/share/texlive/texmf-dist/tex/generic/pgf/math/pgfmathcalc.code.tex) (/usr/share/texlive/texmf-dist/tex/generic/pgf/math/pgfmathfloat.code.tex
\c@pgfmathroundto@lastzeros=\count291
)) (/usr/share/texlive/texmf-dist/tex/generic/pgf/math/pgfint.code.tex) (/usr/share/texlive/texmf-dist/tex/generic/pgf/basiclayer/pgfcorepoints.code.tex
File: pgfcorepoints.code.tex 2023-01-15 v3.1.10 (3.1.10)
\pgf@picminx=\dimen176
\pgf@picmaxx=\dimen177
\pgf@picminy=\dimen178
\pgf@picmaxy=\dimen179
\pgf@pathminx=\dimen180
\pgf@pathmaxx=\dimen181
\pgf@pathminy=\dimen182
\pgf@pathmaxy=\dimen183
\pgf@xx=\dimen184
\pgf@xy=\dimen185
\pgf@yx=\dimen186
\pgf@yy=\dimen187
\pgf@zx=\dimen188
\pgf@zy=\dimen189
) (/usr/share/texlive/texmf-dist/tex/generic/pgf/basiclayer/pgfcorepathconstruct.code.tex
File: pgfcorepathconstruct.code.tex 2023-01-15 v3.1.10 (3.1.10)
\pgf@path@lastx=\dimen190
\pgf@path@lasty=\dimen191
) (/usr/share/texlive/texmf-dist/tex/generic/pgf/basiclayer/pgfcorepathusage.code.tex
File: pgfcorepathusage.code.tex 2023-01-15 v3.1.10 (3.1.10)
\pgf@shorten@end@additional=\dimen192
\pgf@shorten@start@additional=\dimen193
) (/usr/share/texlive/texmf-dist/tex/generic/pgf/basiclayer/pgfcorescopes.code.tex
File: pgfcorescopes.code.tex 2023-01-15 v3.1.10 (3.1.10)
\pgfpic=\box56
\pgf@hbox=\box57
\pgf@layerbox@main=\box58
\pgf@picture@serial@count=\count292
) (/usr/share/texlive/texmf-dist/tex/generic/pgf/basiclayer/pgfcoregraphicstate.code.tex
File: pgfcoregraphicstate.code.tex 2023-01-15 v3.1.10 (3.1.10)
\pgflinewidth=\dimen194
) (/usr/share/texlive/texmf-dist/tex/generic/pgf/basiclayer/pgfcoretransformations.code.tex
File: pgfcoretransformations.code.tex 2023-01-15 v3.1.10 (3.1.10)
\pgf@pt@x=\dimen195
\pgf@pt@y=\dimen196
\pgf@pt@temp=\dimen197
) (/usr/share/texlive/texmf-dist/tex/generic/pgf/basiclayer/pgfcorequick.code.tex
File: pgfcorequick.code.tex 2023-01-15 v3.1.10 (3.1.10)
) (/usr/share/texlive/texmf-dist/tex/generic/pgf/basiclayer/pgfcoreobjects.code.tex
File: pgfcoreobjects.code.tex 2023-01-15 v3.1.10 (3.1.10)
) (/usr/share/texlive/texmf-dist/tex/generic/pgf/basiclayer/pgfcorepathprocessing.code.tex
File: pgfcorepathprocessing.code.tex 2023-01-15 v3.1.10 (3.1.10)
) (/usr/share/texlive/texmf-dist/tex/generic/pgf/basiclayer/pgfcorearrows.code.tex
File: pgfcorearrows.code.tex 2023-01-15 v3.1.10 (3.1.10)
\pgfarrowsep=\dimen198
) (/usr/share/texlive/texmf-dist/tex/generic/pgf/basiclayer/pgfcoreshade.code.tex
File: pgfcoreshade.code.tex 2023-01-15 v3.1.10 (3.1.10)
\pgf@max=\dimen199
\pgf@sys@shading@range@num=\count293
\pgf@shadingcount=\count294
) (/usr/share/texlive/texmf-dist/tex/generic/pgf/basiclayer/pgfcoreimage.code.tex
File: pgfcoreimage.code.tex 2023-01-15 v3.1.10 (3.1.10)
) (/usr/share/texlive/texmf-dist/tex/generic/pgf/basiclayer/pgfcoreexternal.code.tex
File: pgfcoreexternal.code.tex 2023-01-15 v3.1.10 (3.1.10)
\pgfexternal@startupbox=\box59
) (/usr/share/texlive/texmf-dist/tex/generic/pgf/basiclayer/pgfcorelayers.code.tex
File: pgfcorelayers.code.tex 2023-01-15 v3.1.10 (3.1.10)
) (/usr/share/texlive/texmf-dist/tex/generic/pgf/basiclayer/pgfcoretransparency.code.tex
File: pgfcoretransparency.code.tex 2023-01-15 v3.1.10 (3.1.10)
) (/usr/share/texlive/texmf-dist/tex/generic/pgf/basiclayer/pgfcorepatterns.code.tex
File: pgfcorepatterns.code.tex 2023-01-15 v3.1.10 (3.1.10)
) (/usr/share/texlive/texmf-dist/tex/generic/pgf/basiclayer/pgfcorerdf.code.tex
File: pgfcorerdf.code.tex 2023-01-15 v3.1.10 (3.1.10)
))) (/usr/share/texlive/texmf-dist/tex/generic/pgf/modules/pgfmoduleshapes.code.tex
File: pgfmoduleshapes.code.tex 2023-01-15 v3.1.10 (3.1.10)
\pgfnodeparttextbox=\box60
) (/usr/share/texlive/texmf-dist/tex/generic/pgf/modules/pgfmoduleplot.code.tex
File: pgfmoduleplot.code.tex 2023-01-15 v3.1.10 (3.1.10)
) (/usr/share/texlive/texmf-dist/tex/latex/pgf/compatibility/pgfcomp-version-0-65.sty
Package: pgfcomp-version-0-65 2023-01-15 v3.1.10 (3.1.10)
\pgf@nodesepstart=\dimen256
\pgf@nodesepend=\dimen257
) (/usr/share/texlive/texmf-dist/tex/latex/pgf/compatibility/pgfcomp-version-1-18.sty
Package: pgfcomp-version-1-18 2023-01-15 v3.1.10 (3.1.10)
)) (/usr/share/texlive/texmf-dist/tex/latex/pgf/utilities/pgffor.sty (/usr/share/texlive/texmf-dist/tex/latex/pgf/utilities/pgfkeys.sty (/usr/share/texlive/texmf-dist/tex/generic/pgf/utilities/pgfkeys.code.tex)) (/usr/share/texlive/texmf-dist/tex/latex/pgf/math/pgfmath.sty (/usr/share/texlive/texmf-dist/tex/generic/pgf/math/pgfmath.code.tex)) (/usr/share/texlive/texmf-dist/tex/generic/pgf/utilities/pgffor.code.tex
Package: pgffor 2023-01-15 v3.1.10 (3.1.10)
\pgffor@iter=\dimen258
\pgffor@skip=\dimen259
\pgffor@stack=\toks41
\pgffor@toks=\toks42
)) (/usr/share/texlive/texmf-dist/tex/generic/pgf/frontendlayer/tikz/tikz.code.tex
Package: tikz 2023-01-15 v3.1.10 (3.1.10)
 (/usr/share/texlive/texmf-dist/tex/generic/pgf/libraries/pgflibraryplothandlers.code.tex
File: pgflibraryplothandlers.code.tex 2023-01-15 v3.1.10 (3.1.10)
\pgf@plot@mark@count=\count295
\pgfplotmarksize=\dimen260
)
\tikz@lastx=\dimen261
\tikz@lasty=\dimen262
\tikz@lastxsaved=\dimen263
\tikz@lastysaved=\dimen264
\tikz@lastmovetox=\dimen265
\tikz@lastmovetoy=\dimen266
\tikzleveldistance=\dimen267
\tikzsiblingdistance=\dimen268
\tikz@figbox=\box61
\tikz@figbox@bg=\box62
\tikz@tempbox=\box63
\tikz@tempbox@bg=\box64
\tikztreelevel=\count296
\tikznumberofchildren=\count297
\tikznumberofcurrentchild=\count298
\tikz@fig@count=\count299
 (/usr/share/texlive/texmf-dist/tex/generic/pgf/modules/pgfmodulematrix.code.tex
File: pgfmodulematrix.code.tex 2023-01-15 v3.1.10 (3.1.10)
\pgfmatrixcurrentrow=\count300
\pgfmatrixcurrentcolumn=\count301
\pgf@matrix@numberofcolumns=\count302
)
\tikz@expandcount=\count303
 (/usr/share/texlive/texmf-dist/tex/generic/pgf/frontendlayer/tikz/libraries/tikzlibrarytopaths.code.tex
File: tikzlibrarytopaths.code.tex 2023-01-15 v3.1.10 (3.1.10)
))) (/usr/share/texlive/texmf-dist/tex/generic/pgfplots/pgfplots.code.tex (/usr/share/texlive/texmf-dist/tex/generic/pgfplots/pgfplotscore.code.tex
\t@pgfplots@toka=\toks43
\t@pgfplots@tokb=\toks44
\t@pgfplots@tokc=\toks45
\pgfplots@tmpa=\dimen269
\c@pgfplots@coordindex=\count304
\c@pgfplots@scanlineindex=\count305
 (/usr/share/texlive/texmf-dist/tex/generic/pgfplots/sys/pgfplotssysgeneric.code.tex)) (/usr/share/texlive/texmf-dist/tex/generic/pgfplots/libs/pgfplotslibrary.code.tex) (/usr/share/texlive/texmf-dist/tex/generic/pgfplots/oldpgfcompatib/pgfplotsoldpgfsupp_loader.code.tex (/usr/share/texlive/texmf-dist/tex/generic/pgf/libraries/pgflibraryfpu.code.tex)
Package pgfplots: loading complementary utilities for your pgf version...
\t@pgf@toka=\toks46
\t@pgf@tokb=\toks47
\t@pgf@tokc=\toks48
(/usr/share/texlive/texmf-dist/tex/generic/pgfplots/oldpgfcompatib/pgfplotsoldpgfsupp_pgfutil-common-lists.tex)) (/usr/share/texlive/texmf-dist/tex/generic/pgfplots/util/pgfplotsutil.code.tex (/usr/share/texlive/texmf-dist/tex/generic/pgfplots/liststructure/pgfplotsliststructure.code.tex) (/usr/share/texlive/texmf-dist/tex/generic/pgfplots/liststructure/pgfplotsliststructureext.code.tex) (/usr/share/texlive/texmf-dist/tex/generic/pgfplots/liststructure/pgfplotsarray.code.tex
\c@pgfplotsarray@tmp=\count306
) (/usr/share/texlive/texmf-dist/tex/generic/pgfplots/liststructure/pgfplotsmatrix.code.tex) (/usr/share/texlive/texmf-dist/tex/generic/pgfplots/numtable/pgfplotstableshared.code.tex
\c@pgfplotstable@counta=\count307
\t@pgfplotstable@a=\toks49
) (/usr/share/texlive/texmf-dist/tex/generic/pgfplots/liststructure/pgfplotsdeque.code.tex) (/usr/share/texlive/texmf-dist/tex/generic/pgfplots/util/pgfplotsbinary.code.tex (/usr/share/texlive/texmf-dist/tex/generic/pgfplots/util/pgfplotsbinary.data.code.tex)) (/usr/share/texlive/texmf-dist/tex/generic/pgfplots/util/pgfplotsutil.verb.code.tex) (/usr/share/texlive/texmf-dist/tex/generic/pgfplots/libs/pgflibrarypgfplots.surfshading.code.tex
\c@pgfplotslibrarysurf@no=\count308
 (/usr/share/texlive/texmf-dist/tex/generic/pgfplots/sys/pgflibrarypgfplots.surfshading.pgfsys-pdftex.def))) (/usr/share/texlive/texmf-dist/tex/generic/pgfplots/util/pgfplotscolormap.code.tex (/usr/share/texlive/texmf-dist/tex/generic/pgfplots/util/pgfplotscolor.code.tex)) (/usr/share/texlive/texmf-dist/tex/generic/pgfplots/pgfplotsstackedplots.code.tex) (/usr/share/texlive/texmf-dist/tex/generic/pgfplots/pgfplotsplothandlers.code.tex (/usr/share/texlive/texmf-dist/tex/generic/pgfplots/pgfplotsmeshplothandler.code.tex (/usr/share/texlive/texmf-dist/tex/generic/pgfplots/pgfplotsmeshplotimage.code.tex))) (/usr/share/texlive/texmf-dist/tex/generic/pgfplots/pgfplots.scaling.code.tex) (/usr/share/texlive/texmf-dist/tex/generic/pgfplots/pgfplotscoordprocessing.code.tex) (/usr/share/texlive/texmf-dist/tex/generic/pgfplots/pgfplots.errorbars.code.tex) (/usr/share/texlive/texmf-dist/tex/generic/pgfplots/pgfplots.markers.code.tex) (/usr/share/texlive/texmf-dist/tex/generic/pgfplots/pgfplotsticks.code.tex) (/usr/share/texlive/texmf-dist/tex/generic/pgfplots/pgfplots.paths.code.tex) (/usr/share/texlive/texmf-dist/tex/generic/pgf/frontendlayer/tikz/libraries/tikzlibrarydecorations.code.tex (/usr/share/texlive/texmf-dist/tex/generic/pgf/modules/pgfmoduledecorations.code.tex
\pgfdecoratedcompleteddistance=\dimen270
\pgfdecoratedremainingdistance=\dimen271
\pgfdecoratedinputsegmentcompleteddistance=\dimen272
\pgfdecoratedinputsegmentremainingdistance=\dimen273
\pgf@decorate@distancetomove=\dimen274
\pgf@decorate@repeatstate=\count309
\pgfdecorationsegmentamplitude=\dimen275
\pgfdecorationsegmentlength=\dimen276
)
\tikz@lib@dec@box=\box65
) (/usr/share/texlive/texmf-dist/tex/generic/pgf/frontendlayer/tikz/libraries/tikzlibrarydecorations.pathmorphing.code.tex (/usr/share/texlive/texmf-dist/tex/generic/pgf/libraries/decorations/pgflibrarydecorations.pathmorphing.code.tex)) (/usr/share/texlive/texmf-dist/tex/generic/pgf/frontendlayer/tikz/libraries/tikzlibrarydecorations.pathreplacing.code.tex (/usr/share/texlive/texmf-dist/tex/generic/pgf/libraries/decorations/pgflibrarydecorations.pathreplacing.code.tex)) (/usr/share/texlive/texmf-dist/tex/generic/pgfplots/libs/tikzlibrarypgfplots.contourlua.code.tex)
\pgfplots@numplots=\count310
\pgfplots@xmin@reg=\dimen277
\pgfplots@xmax@reg=\dimen278
\pgfplots@ymin@reg=\dimen279
\pgfplots@ymax@reg=\dimen280
\pgfplots@zmin@reg=\dimen281
\pgfplots@zmax@reg=\dimen282
) (/usr/share/texlive/texmf-dist/tex/generic/pgf/frontendlayer/tikz/libraries/tikzlibraryplotmarks.code.tex
File: tikzlibraryplotmarks.code.tex 2023-01-15 v3.1.10 (3.1.10)
 (/usr/share/texlive/texmf-dist/tex/generic/pgf/libraries/pgflibraryplotmarks.code.tex
File: pgflibraryplotmarks.code.tex 2023-01-15 v3.1.10 (3.1.10)
))) (/usr/share/texlive/texmf-dist/tex/latex/tools/tabularx.sty
Package: tabularx 2023/07/08 v2.11c `tabularx' package (DPC)
 (/usr/share/texlive/texmf-dist/tex/latex/tools/array.sty
Package: array 2023/10/16 v2.5g Tabular extension package (FMi)
\col@sep=\dimen283
\ar@mcellbox=\box66
\extrarowheight=\dimen284
\NC@list=\toks50
\extratabsurround=\skip56
\backup@length=\skip57
\ar@cellbox=\box67
)
\TX@col@width=\dimen285
\TX@old@table=\dimen286
\TX@old@col=\dimen287
\TX@target=\dimen288
\TX@delta=\dimen289
\TX@cols=\count311
\TX@ftn=\toks51
) (/usr/share/texlive/texmf-dist/tex/latex/tikz-3dplot/tikz-3dplot.sty (/usr/share/texlive/texmf-dist/tex/latex/base/ifthen.sty
Package: ifthen 2022/04/13 v1.1d Standard LaTeX ifthen package (DPC)
) (/usr/share/texlive/texmf-dist/tex/generic/pgf/frontendlayer/tikz/libraries/tikzlibrarycalc.code.tex
File: tikzlibrarycalc.code.tex 2023-01-15 v3.1.10 (3.1.10)
) (/usr/share/texlive/texmf-dist/tex/generic/pgf/frontendlayer/tikz/libraries/tikzlibrary3d.code.tex
File: tikzlibrary3d.code.tex 2023-01-15 v3.1.10 (3.1.10)
) (/usr/share/texlive/texmf-dist/tex/generic/pgf/frontendlayer/tikz/libraries/tikzlibraryarrows.code.tex
File: tikzlibraryarrows.code.tex 2023-01-15 v3.1.10 (3.1.10)
 (/usr/share/texlive/texmf-dist/tex/generic/pgf/libraries/pgflibraryarrows.code.tex
File: pgflibraryarrows.code.tex 2023-01-15 v3.1.10 (3.1.10)
\arrowsize=\dimen290
))) (/usr/share/texlive/texmf-dist/tex/latex/tools/multicol.sty
Package: multicol 2023/03/30 v1.9f multicolumn formatting (FMi)
\c@tracingmulticols=\count312
\mult@box=\box68
\multicol@leftmargin=\dimen291
\c@unbalance=\count313
\c@collectmore=\count314
\doublecol@number=\count315
\multicoltolerance=\count316
\multicolpretolerance=\count317
\full@width=\dimen292
\page@free=\dimen293
\premulticols=\dimen294
\postmulticols=\dimen295
\multicolsep=\skip58
\multicolbaselineskip=\skip59
\partial@page=\box69
\last@line=\box70
\mc@boxedresult=\box71
\maxbalancingoverflow=\dimen296
\mult@rightbox=\box72
\mult@grightbox=\box73
\mult@firstbox=\box74
\mult@gfirstbox=\box75
\@tempa=\box76
\@tempa=\box77
\@tempa=\box78
\@tempa=\box79
\@tempa=\box80
\@tempa=\box81
\@tempa=\box82
\@tempa=\box83
\@tempa=\box84
\@tempa=\box85
\@tempa=\box86
\@tempa=\box87
\@tempa=\box88
\@tempa=\box89
\@tempa=\box90
\@tempa=\box91
\@tempa=\box92
\@tempa=\box93
\@tempa=\box94
\@tempa=\box95
\@tempa=\box96
\@tempa=\box97
\@tempa=\box98
\@tempa=\box99
\@tempa=\box100
\@tempa=\box101
\@tempa=\box102
\@tempa=\box103
\@tempa=\box104
\@tempa=\box105
\@tempa=\box106
\@tempa=\box107
\@tempa=\box108
\@tempa=\box109
\@tempa=\box110
\@tempa=\box111
\c@minrows=\count318
\c@columnbadness=\count319
\c@finalcolumnbadness=\count320
\last@try=\dimen297
\multicolovershoot=\dimen298
\multicolundershoot=\dimen299
\mult@nat@firstbox=\box112
\colbreak@box=\box113
\mc@col@check@num=\count321
) (/usr/share/texlive/texmf-dist/tex/latex/arydshln/arydshln.sty
Package: arydshln 2019/02/21 v1.76 
\dashlinedash=\dimen300
\dashlinegap=\dimen301
\adl@box=\box114
\adl@height=\dimen302
\adl@heightsave=\dimen303
\adl@depth=\dimen304
\adl@depthsave=\dimen305
\adl@finaldepth=\dimen306
\adl@columns=\count322
\adl@ncol=\count323
\adl@currentcolumn=\count324
\adl@currentcolumnsave=\count325
\adl@totalheight=\count326
\adl@totalheightsave=\count327
\adl@dash=\count328
\adl@gap=\count329
\adl@cla=\count330
\adl@clb=\count331
\adl@everyvbox=\toks52
\adl@LTpagetotal=\dimen307
) (/usr/share/texlive/texmf-dist/tex/latex/mathtools/mathtools.sty
Package: mathtools 2022/06/29 v1.29 mathematical typesetting tools
 (/usr/share/texlive/texmf-dist/tex/latex/tools/calc.sty
Package: calc 2023/07/08 v4.3 Infix arithmetic (KKT,FJ)
\calc@Acount=\count332
\calc@Bcount=\count333
\calc@Adimen=\dimen308
\calc@Bdimen=\dimen309
\calc@Askip=\skip60
\calc@Bskip=\skip61
LaTeX Info: Redefining \setlength on input line 80.
LaTeX Info: Redefining \addtolength on input line 81.
\calc@Ccount=\count334
\calc@Cskip=\skip62
) (/usr/share/texlive/texmf-dist/tex/latex/mathtools/mhsetup.sty
Package: mhsetup 2021/03/18 v1.4 programming setup (MH)
)
\g_MT_multlinerow_int=\count335
\l_MT_multwidth_dim=\dimen310
\origjot=\skip63
\l_MT_shortvdotswithinadjustabove_dim=\dimen311
\l_MT_shortvdotswithinadjustbelow_dim=\dimen312
\l_MT_above_intertext_sep=\dimen313
\l_MT_below_intertext_sep=\dimen314
\l_MT_above_shortintertext_sep=\dimen315
\l_MT_below_shortintertext_sep=\dimen316
\xmathstrut@box=\box115
\xmathstrut@dim=\dimen317
) (/usr/share/texlive/texmf-dist/tex/latex/tools/enumerate.sty
Package: enumerate 2023/07/04 v3.00 enumerate extensions (DPC)
\@enLab=\toks53
) (/usr/share/texlive/texmf-dist/tex/latex/svg/svg.sty
Package: svg 2020/11/26 v2.02k (include SVG pictures)
 (/usr/share/texlive/texmf-dist/tex/latex/koma-script/scrbase.sty
Package: scrbase 2023/07/07 v3.41 KOMA-Script package (KOMA-Script-independent basics and keyval usage)
 (/usr/share/texlive/texmf-dist/tex/latex/koma-script/scrlfile.sty
Package: scrlfile 2023/07/07 v3.41 KOMA-Script package (file load hooks)
 (/usr/share/texlive/texmf-dist/tex/latex/koma-script/scrlfile-hook.sty
Package: scrlfile-hook 2023/07/07 v3.41 KOMA-Script package (using LaTeX hooks)
 (/usr/share/texlive/texmf-dist/tex/latex/koma-script/scrlogo.sty
Package: scrlogo 2023/07/07 v3.41 KOMA-Script package (logo)
)))
Applying: [2021/05/01] Usage of raw or classic option list on input line 252.
Already applied: [0000/00/00] Usage of raw or classic option list on input line 368.
) (/usr/share/texlive/texmf-dist/tex/generic/pdftexcmds/pdftexcmds.sty
Package: pdftexcmds 2020-06-27 v0.33 Utility functions of pdfTeX for LuaTeX (HO)
 (/usr/share/texlive/texmf-dist/tex/generic/infwarerr/infwarerr.sty
Package: infwarerr 2019/12/03 v1.5 Providing info/warning/error messages (HO)
) (/usr/share/texlive/texmf-dist/tex/generic/ltxcmds/ltxcmds.sty
Package: ltxcmds 2023-12-04 v1.26 LaTeX kernel commands for general use (HO)
)
Package pdftexcmds Info: \pdf@primitive is available.
Package pdftexcmds Info: \pdf@ifprimitive is available.
Package pdftexcmds Info: \pdfdraftmode found.
) (/usr/share/texlive/texmf-dist/tex/latex/trimspaces/trimspaces.sty
Package: trimspaces 2009/09/17 v1.1 Trim spaces around a token list
) (/usr/share/texlive/texmf-dist/tex/latex/tools/shellesc.sty
Package: shellesc 2023/07/08 v1.0d unified shell escape interface for LaTeX
Package shellesc Info: Restricted shell escape enabled on input line 77.
)
\c@svg@param@lastpage=\count336
\svg@box=\box116
\c@svg@param@currpage=\count337
) (/usr/share/texlive/texmf-dist/tex/latex/transparent/transparent.sty
Package: transparent 2022-10-27 v1.5 Transparency with color stacks
 (/usr/share/texlive/texmf-dist/tex/latex/transparent/transparent-nometadata.sty
Package: transparent-nometadata 2022-10-27 v1.5 Transparency via pdfTeX's color stack (HO)
 (/usr/share/texlive/texmf-dist/tex/latex/auxhook/auxhook.sty
Package: auxhook 2019-12-17 v1.6 Hooks for auxiliary files (HO)
))) (/usr/share/texlive/texmf-dist/tex/latex/cancel/cancel.sty
Package: cancel 2013/04/12 v2.2 Cancel math terms
) (/usr/share/texlive/texmf-dist/tex/latex/esvect/esvect.sty
Package: esvect 
\symesvector=\mathgroup6
LaTeX Font Info:    Redeclaring math symbol \fldr on input line 38.
) (/usr/share/texlive/texmf-dist/tex/latex/graphics/dvipsnam.def
File: dvipsnam.def 2016/06/17 v3.0m Driver-dependent file (DPC,SPQR)
) (/usr/share/texlive/texmf-dist/tex/latex/psnfss/pifont.sty
Package: pifont 2020/03/25 PSNFSS-v9.3 Pi font support (SPQR) 
LaTeX Font Info:    Trying to load font information for U+pzd on input line 63.
 (/usr/share/texlive/texmf-dist/tex/latex/psnfss/upzd.fd
File: upzd.fd 2001/06/04 font definitions for U/pzd.
)
LaTeX Font Info:    Trying to load font information for U+psy on input line 64.
 (/usr/share/texlive/texmf-dist/tex/latex/psnfss/upsy.fd
File: upsy.fd 2001/06/04 font definitions for U/psy.
)) (/usr/share/texlive/texmf-dist/tex/generic/pgf/frontendlayer/tikz/libraries/tikzlibrarypatterns.code.tex
File: tikzlibrarypatterns.code.tex 2023-01-15 v3.1.10 (3.1.10)
 (/usr/share/texlive/texmf-dist/tex/generic/pgf/libraries/pgflibrarypatterns.code.tex
File: pgflibrarypatterns.code.tex 2023-01-15 v3.1.10 (3.1.10)
)) (/usr/share/texlive/texmf-dist/tex/latex/tikzmark/tikzlibrarytikzmark.code.tex
File: tikzlibrarytikzmark.code.tex 2022/08/24 v1.15 TikZ library for marking positions in a document
 (/usr/share/texlive/texmf-dist/tex/latex/l3kernel/expl3.sty
Package: expl3 2024-01-22 L3 programming layer (loader) 
 (/usr/share/texlive/texmf-dist/tex/latex/l3backend/l3backend-pdftex.def
File: l3backend-pdftex.def 2024-01-04 L3 backend support: PDF output (pdfTeX)
\l__color_backend_stack_int=\count338
\l__pdf_internal_box=\box117
)) (/usr/share/texlive/texmf-dist/tex/latex/l3packages/l3keys2e/l3keys2e.sty
Package: l3keys2e 2023-10-10 LaTeX2e option processing using LaTeX3 keys
) (/usr/share/texlive/texmf-dist/tex/latex/l3packages/xparse/xparse.sty
Package: xparse 2023-10-10 L3 Experimental document command parser
)
\l__sn_x_dim=\dimen318
\l__sn_y_dim=\dimen319
\l__sn_xa_dim=\dimen320
\l__sn_ya_dim=\dimen321
) (/usr/share/texlive/texmf-dist/tex/generic/pgf/frontendlayer/tikz/libraries/tikzlibraryshapes.geometric.code.tex
File: tikzlibraryshapes.geometric.code.tex 2023-01-15 v3.1.10 (3.1.10)
 (/usr/share/texlive/texmf-dist/tex/generic/pgf/libraries/shapes/pgflibraryshapes.geometric.code.tex
File: pgflibraryshapes.geometric.code.tex 2023-01-15 v3.1.10 (3.1.10)
)) (/usr/share/texlive/texmf-dist/tex/generic/pgf/frontendlayer/tikz/libraries/datavisualization/tikzlibrarydatavisualization.code.tex
File: tikzlibrarydatavisualization.code.tex 2023-01-15 v3.1.10 (3.1.10)
 (/usr/share/texlive/texmf-dist/tex/generic/pgf/modules/pgfmoduledatavisualization.code.tex
File: pgfmoduledatavisualization.code.tex 2023-01-15 v3.1.10 (3.1.10)
 (/usr/share/texlive/texmf-dist/tex/generic/pgf/modules/pgfmoduleoo.code.tex
\pgfoo@objectcount=\count339
\pgfoothis@count=\count340
\pgfoo@toks=\toks54
)
\pgf@lib@dv@cache@count=\count341
\pgf@lib@dv@cache@count=\count342
) (/usr/share/texlive/texmf-dist/tex/generic/pgf/frontendlayer/tikz/libraries/tikzlibrarybackgrounds.code.tex
File: tikzlibrarybackgrounds.code.tex 2023-01-15 v3.1.10 (3.1.10)
\pgf@layerbox@background=\box118
\pgf@layerboxsaved@background=\box119
)
\tikzdvvisualizercounter=\count343
) (/usr/share/texlive/texmf-dist/tex/generic/pgf/frontendlayer/tikz/libraries/datavisualization/tikzlibrarydatavisualization.formats.functions.code.tex
File: tikzlibrarydatavisualization.formats.functions.code.tex 2023-01-15 v3.1.10 (3.1.10)
 (/usr/share/texlive/texmf-dist/tex/generic/pgf/libraries/datavisualization/pgflibrarydatavisualization.formats.functions.code.tex
File: pgflibrarydatavisualization.formats.functions.code.tex 2023-01-15 v3.1.10 (3.1.10)
)) (./fluidi.aux

LaTeX Warning: Label `fig:testsvg' multiply defined.


LaTeX Warning: Label `fig:testsvg' multiply defined.


LaTeX Warning: Label `fig:testsvg' multiply defined.


LaTeX Warning: Label `fig:testsvg' multiply defined.


LaTeX Warning: Label `fig:testsvg' multiply defined.


LaTeX Warning: Label `fig:testsvg' multiply defined.


LaTeX Warning: Label `fig:testsvg' multiply defined.


LaTeX Warning: Label `fig:testsvg' multiply defined.


LaTeX Warning: Label `fig:testsvg' multiply defined.


LaTeX Warning: Label `fig:testsvg' multiply defined.


LaTeX Warning: Label `fig:testsvg' multiply defined.


LaTeX Warning: Label `fig:testsvg' multiply defined.


LaTeX Warning: Label `fig:testsvg' multiply defined.


LaTeX Warning: Label `fig:testsvg' multiply defined.


LaTeX Warning: Label `fig:testsvg' multiply defined.


LaTeX Warning: Label `fig:testsvg' multiply defined.


LaTeX Warning: Label `fig:testsvg' multiply defined.


LaTeX Warning: Label `fig:testsvg' multiply defined.


LaTeX Warning: Label `fig:testsvg' multiply defined.


LaTeX Warning: Label `fig:testsvg' multiply defined.


LaTeX Warning: Label `fig:testsvg' multiply defined.


LaTeX Warning: Label `fig:testsvg' multiply defined.


LaTeX Warning: Label `fig:testsvg' multiply defined.


LaTeX Warning: Label `fig:testsvg' multiply defined.


LaTeX Warning: Label `fig:testsvg' multiply defined.


LaTeX Warning: Label `fig:testsvg' multiply defined.


LaTeX Warning: Label `fig:testsvg' multiply defined.


LaTeX Warning: Label `fig:testsvg' multiply defined.


LaTeX Warning: Label `fig:testsvg' multiply defined.


LaTeX Warning: Label `fig:testsvg' multiply defined.


LaTeX Warning: Label `fig:testsvg' multiply defined.


LaTeX Warning: Label `fig:testsvg' multiply defined.

)
\openout1 = `fluidi.aux'.

LaTeX Font Info:    Checking defaults for OML/cmm/m/it on input line 107.
LaTeX Font Info:    ... okay on input line 107.
LaTeX Font Info:    Checking defaults for OMS/cmsy/m/n on input line 107.
LaTeX Font Info:    ... okay on input line 107.
LaTeX Font Info:    Checking defaults for OT1/cmr/m/n on input line 107.
LaTeX Font Info:    ... okay on input line 107.
LaTeX Font Info:    Checking defaults for T1/cmr/m/n on input line 107.
LaTeX Font Info:    ... okay on input line 107.
LaTeX Font Info:    Checking defaults for TS1/cmr/m/n on input line 107.
LaTeX Font Info:    ... okay on input line 107.
LaTeX Font Info:    Checking defaults for OMX/cmex/m/n on input line 107.
LaTeX Font Info:    ... okay on input line 107.
LaTeX Font Info:    Checking defaults for U/cmr/m/n on input line 107.
LaTeX Font Info:    ... okay on input line 107.
 (/usr/share/texlive/texmf-dist/tex/context/base/mkii/supp-pdf.mkii
[Loading MPS to PDF converter (version 2006.09.02).]
\scratchcounter=\count344
\scratchdimen=\dimen322
\scratchbox=\box120
\nofMPsegments=\count345
\nofMParguments=\count346
\everyMPshowfont=\toks55
\MPscratchCnt=\count347
\MPscratchDim=\dimen323
\MPnumerator=\count348
\makeMPintoPDFobject=\count349
\everyMPtoPDFconversion=\toks56
) (/usr/share/texlive/texmf-dist/tex/latex/epstopdf-pkg/epstopdf-base.sty
Package: epstopdf-base 2020-01-24 v2.11 Base part for package epstopdf
Package epstopdf-base Info: Redefining graphics rule for `.eps' on input line 485.
 (/usr/share/texlive/texmf-dist/tex/latex/latexconfig/epstopdf-sys.cfg
File: epstopdf-sys.cfg 2010/07/13 v1.3 Configuration of (r)epstopdf for TeX Live
))
*geometry* driver: auto-detecting
*geometry* detected driver: pdftex
*geometry* verbose mode - [ preamble ] result:
* driver: pdftex
* paper: a4paper
* layout: <same size as paper>
* layoutoffset:(h,v)=(0.0pt,0.0pt)
* bindingoffset: 14.45377pt
* modes: 
* h-part:(L,W,R)=(56.9055pt, 469.2431pt, 56.9055pt)
* v-part:(T,H,B)=(56.9055pt, 731.23584pt, 56.9055pt)
* \paperwidth=597.50787pt
* \paperheight=845.04684pt
* \textwidth=469.2431pt
* \textheight=731.23584pt
* \oddsidemargin=-0.91072pt
* \evensidemargin=-15.36449pt
* \topmargin=-52.36449pt
* \headheight=12.0pt
* \headsep=25.0pt
* \topskip=10.0pt
* \footskip=18.06749pt
* \marginparwidth=57.0pt
* \marginparsep=11.0pt
* \columnsep=10.0pt
* \skip\footins=9.0pt plus 4.0pt minus 2.0pt
* \hoffset=0.0pt
* \voffset=0.0pt
* \mag=1000
* \@twocolumnfalse
* \@twosidefalse
* \@mparswitchfalse
* \@reversemarginfalse
* (1in=72.27pt=25.4mm, 1cm=28.453pt)

LaTeX Info: Redefining \it@ocap on input line 107.
LaTeX Info: Redefining \it@ccap on input line 107.

File italian.ldf warning: 
italian.ldf    With OT1 encoding guillemets are poorly faked
italian.ldf    Use T1 encoding
italian.ldf    or specify a font with command \CaporaliFrom
italian.ldf    See the documentation concerning the babel-italian typesetting
italian.ldf    on input line 107.

Package pgfplots notification 'compat/show suggested version=true': you might benefit from \pgfplotsset{compat=1.18} (current compat level: 1.9).

\c@definition=\count350
\c@theorem=\count351
\c@lemma=\count352
\c@observation=\count353
\c@corollary=\count354
\c@example=\count355
\c@problem=\count356
\c@solution=\count357
\c@proposition=\count358
LaTeX Font Info:    Trying to load font information for U+msa on input line 131.
(/usr/share/texlive/texmf-dist/tex/latex/amsfonts/umsa.fd
File: umsa.fd 2013/01/14 v3.01 AMS symbols A
)
LaTeX Font Info:    Trying to load font information for U+msb on input line 131.
 (/usr/share/texlive/texmf-dist/tex/latex/amsfonts/umsb.fd
File: umsb.fd 2013/01/14 v3.01 AMS symbols B
)
LaTeX Font Info:    Trying to load font information for U+esvect on input line 131.
 (/usr/share/texlive/texmf-dist/tex/latex/esvect/uesvect.fd
File: uesvect.fd 
) [1

{/var/lib/texmf/fonts/map/pdftex/updmap/pdftex.map}{/usr/share/texmf/fonts/enc/dvips/cm-super/cm-super-ts1.enc}] [2]
Overfull \hbox (4.00865pt too wide) in paragraph at lines 275--276
 [][] 
 []

[3]
Underfull \hbox (badness 10000) in paragraph at lines 319--330

 []

[4]
Underfull \hbox (badness 10000) in paragraph at lines 339--341

 []


Underfull \hbox (badness 10000) in paragraph at lines 433--450

 []


Overfull \hbox (15.0pt too wide) in paragraph at lines 450--451
[] 
 []


Overfull \vbox (27.86766pt too high) has occurred while \output is active []

 [5]
Underfull \hbox (badness 10000) in paragraph at lines 465--467

 []

<./images/atoms.png, id=40, 406.51875pt x 397.84634pt>
File: ./images/atoms.png Graphic file (type png)
<use ./images/atoms.png>
Package pdftex.def Info: ./images/atoms.png  used on input line 475.
(pdftex.def)             Requested size: 140.77435pt x 137.76706pt.

Overfull \hbox (15.0pt too wide) in paragraph at lines 477--478
[] 
 []

[6 <./images/atoms.png>]
Underfull \hbox (badness 10000) in paragraph at lines 522--523

 []


Underfull \hbox (badness 10000) in paragraph at lines 528--529

 []


Underfull \hbox (badness 10000) in paragraph at lines 559--563

 []


Underfull \hbox (badness 10000) in paragraph at lines 559--563

 []


Underfull \hbox (badness 10000) in paragraph at lines 559--563

 []


Underfull \hbox (badness 10000) in paragraph at lines 559--563

 []


Underfull \hbox (badness 10000) in paragraph at lines 559--563

 []

[7]

LaTeX Warning: The counter will not be printed.
             The label is: \space  on input line 655.


Underfull \hbox (badness 10000) in paragraph at lines 652--655

 []


Underfull \hbox (badness 10000) in paragraph at lines 661--662

 []


Underfull \hbox (badness 10000) in paragraph at lines 664--666

 []


Underfull \hbox (badness 10000) in paragraph at lines 674--676

 []

[8]
Underfull \hbox (badness 10000) in paragraph at lines 681--682

 []

Package svg Info: Last page of `./svg-inkscape/potato_svg-tex.pdf' is 1 on input line 715.
(./svg-inkscape/potato_svg-tex.pdf_tex
<./svg-inkscape/potato_svg-tex.pdf, id=55, page=1, 124.8916pt x 100.19934pt>
File: ./svg-inkscape/potato_svg-tex.pdf Graphic file (type pdf)
<use ./svg-inkscape/potato_svg-tex.pdf, page 1>
Package pdftex.def Info: ./svg-inkscape/potato_svg-tex.pdf , page1 used on input line 56.
(pdftex.def)             Requested size: 149.86952pt x 120.23859pt.
)
Underfull \hbox (badness 10000) in paragraph at lines 707--718

 []


Underfull \hbox (badness 10000) in paragraph at lines 707--718

 []

[9 <./svg-inkscape/potato_svg-tex.pdf>]
Underfull \hbox (badness 10000) in paragraph at lines 733--736

 []

[10]
Underfull \hbox (badness 10000) in paragraph at lines 772--774

 []


Underfull \hbox (badness 10000) in paragraph at lines 789--791

 []


Underfull \hbox (badness 10000) in paragraph at lines 799--801

 []


Underfull \hbox (badness 10000) in paragraph at lines 804--806

 []


Underfull \hbox (badness 10000) in paragraph at lines 804--806

 []

[11]
Underfull \hbox (badness 10000) in paragraph at lines 833--834

 []


Underfull \hbox (badness 10000) in paragraph at lines 840--842

 []

Package svg Info: Last page of `./svg-inkscape/fluid1_svg-tex.pdf' is 1 on input line 847.
(./svg-inkscape/fluid1_svg-tex.pdf_tex
<./svg-inkscape/fluid1_svg-tex.pdf, id=70, page=1, 354.31119pt x 208.52907pt>
File: ./svg-inkscape/fluid1_svg-tex.pdf Graphic file (type pdf)
<use ./svg-inkscape/fluid1_svg-tex.pdf, page 1>
Package pdftex.def Info: ./svg-inkscape/fluid1_svg-tex.pdf , page1 used on input line 56.
(pdftex.def)             Requested size: 300.0pt x 176.57597pt.
)
Underfull \hbox (badness 10000) in paragraph at lines 855--856

 []


Underfull \hbox (badness 10000) in paragraph at lines 862--863

 []

Package svg Info: Last page of `./svg-inkscape/fluid2_svg-tex.pdf' is 1 on input line 869.
(./svg-inkscape/fluid2_svg-tex.pdf_tex
<./svg-inkscape/fluid2_svg-tex.pdf, id=72, page=1, 533.66876pt x 314.60033pt>
File: ./svg-inkscape/fluid2_svg-tex.pdf Graphic file (type pdf)
<use ./svg-inkscape/fluid2_svg-tex.pdf, page 1>
Package pdftex.def Info: ./svg-inkscape/fluid2_svg-tex.pdf , page1 used on input line 56.
(pdftex.def)             Requested size: 200.0pt x 117.90282pt.
) [12 <./svg-inkscape/fluid1_svg-tex.pdf>]
Package svg Info: Last page of `./svg-inkscape/fluid3_svg-tex.pdf' is 1 on input line 883.
 (./svg-inkscape/fluid3_svg-tex.pdf_tex
<./svg-inkscape/fluid3_svg-tex.pdf, id=79, page=1, 521.47324pt x 139.83492pt>
File: ./svg-inkscape/fluid3_svg-tex.pdf Graphic file (type pdf)
<use ./svg-inkscape/fluid3_svg-tex.pdf, page 1>
Package pdftex.def Info: ./svg-inkscape/fluid3_svg-tex.pdf , page1 used on input line 56.
(pdftex.def)             Requested size: 200.0pt x 53.63069pt.
)
Package svg Info: Last page of `./svg-inkscape/fluid4_svg-tex.pdf' is 1 on input line 897.
 (./svg-inkscape/fluid4_svg-tex.pdf_tex
<./svg-inkscape/fluid4_svg-tex.pdf, id=81, page=1, 378.40118pt x 227.12352pt>
File: ./svg-inkscape/fluid4_svg-tex.pdf Graphic file (type pdf)
<use ./svg-inkscape/fluid4_svg-tex.pdf, page 1>
Package pdftex.def Info: ./svg-inkscape/fluid4_svg-tex.pdf , page1 used on input line 56.
(pdftex.def)             Requested size: 200.0pt x 120.04565pt.
) [13 <./svg-inkscape/fluid2_svg-tex.pdf> <./svg-inkscape/fluid3_svg-tex.pdf

pdfTeX warning: pdflatex (file ./svg-inkscape/fluid3_svg-tex.pdf): PDF inclusion: multiple pdfs with page group included in a single page
> <./svg-inkscape/fluid4_svg-tex.pdf

pdfTeX warning: pdflatex (file ./svg-inkscape/fluid4_svg-tex.pdf): PDF inclusion: multiple pdfs with page group included in a single page
>]
Underfull \hbox (badness 10000) in paragraph at lines 915--917

 []

Package svg Info: Last page of `./svg-inkscape/fluid6_svg-tex.pdf' is 1 on input line 924.
(./svg-inkscape/fluid6_svg-tex.pdf_tex
<./svg-inkscape/fluid6_svg-tex.pdf, id=91, page=1, 301.3132pt x 191.92953pt>
File: ./svg-inkscape/fluid6_svg-tex.pdf Graphic file (type pdf)
<use ./svg-inkscape/fluid6_svg-tex.pdf, page 1>
Package pdftex.def Info: ./svg-inkscape/fluid6_svg-tex.pdf , page1 used on input line 56.
(pdftex.def)             Requested size: 200.0pt x 127.40018pt.
)
Package svg Info: Last page of `./svg-inkscape/fluid7_svg-tex.pdf' is 1 on input line 935.
 (./svg-inkscape/fluid7_svg-tex.pdf_tex
<./svg-inkscape/fluid7_svg-tex.pdf, id=93, page=1, 456.35493pt x 207.12883pt>
File: ./svg-inkscape/fluid7_svg-tex.pdf Graphic file (type pdf)
<use ./svg-inkscape/fluid7_svg-tex.pdf, page 1>
Package pdftex.def Info: ./svg-inkscape/fluid7_svg-tex.pdf , page1 used on input line 56.
(pdftex.def)             Requested size: 200.0pt x 90.77666pt.
) [14 <./svg-inkscape/fluid6_svg-tex.pdf> <./svg-inkscape/fluid7_svg-tex.pdf

pdfTeX warning: pdflatex (file ./svg-inkscape/fluid7_svg-tex.pdf): PDF inclusion: multiple pdfs with page group included in a single page
>]
Underfull \hbox (badness 10000) in paragraph at lines 951--952

 []


Underfull \hbox (badness 10000) in paragraph at lines 951--952

 []

Package svg Info: Last page of `./svg-inkscape/fluid8_svg-tex.pdf' is 4 on input line 962.
(./svg-inkscape/fluid8_svg-tex.pdf_tex
<./svg-inkscape/fluid8_svg-tex.pdf, id=101, page=1, 582.45105pt x 332.51727pt>
File: ./svg-inkscape/fluid8_svg-tex.pdf Graphic file (type pdf)
<use ./svg-inkscape/fluid8_svg-tex.pdf, page 1>
Package pdftex.def Info: ./svg-inkscape/fluid8_svg-tex.pdf , page1 used on input line 56.
(pdftex.def)             Requested size: 200.0pt x 114.18076pt.
<./svg-inkscape/fluid8_svg-tex.pdf, id=102, page=2, 582.45105pt x 332.51727pt>
File: ./svg-inkscape/fluid8_svg-tex.pdf Graphic file (type pdf)
<use ./svg-inkscape/fluid8_svg-tex.pdf, page 2>
Package pdftex.def Info: ./svg-inkscape/fluid8_svg-tex.pdf , page2 used on input line 58.
(pdftex.def)             Requested size: 200.0pt x 114.18076pt.
<./svg-inkscape/fluid8_svg-tex.pdf, id=103, page=3, 582.45105pt x 332.51727pt>
File: ./svg-inkscape/fluid8_svg-tex.pdf Graphic file (type pdf)
<use ./svg-inkscape/fluid8_svg-tex.pdf, page 3>
Package pdftex.def Info: ./svg-inkscape/fluid8_svg-tex.pdf , page3 used on input line 60.
(pdftex.def)             Requested size: 200.0pt x 114.18076pt.
<./svg-inkscape/fluid8_svg-tex.pdf, id=104, page=4, 582.45105pt x 332.51727pt>
File: ./svg-inkscape/fluid8_svg-tex.pdf Graphic file (type pdf)
<use ./svg-inkscape/fluid8_svg-tex.pdf, page 4>
Package pdftex.def Info: ./svg-inkscape/fluid8_svg-tex.pdf , page4 used on input line 62.
(pdftex.def)             Requested size: 200.0pt x 114.18076pt.
) [15 <./svg-inkscape/fluid8_svg-tex.pdf> <./svg-inkscape/fluid8_svg-tex.pdf

pdfTeX warning: pdflatex (file ./svg-inkscape/fluid8_svg-tex.pdf): PDF inclusion: multiple pdfs with page group included in a single page
> <./svg-inkscape/fluid8_svg-tex.pdf

pdfTeX warning: pdflatex (file ./svg-inkscape/fluid8_svg-tex.pdf): PDF inclusion: multiple pdfs with page group included in a single page
> <./svg-inkscape/fluid8_svg-tex.pdf

pdfTeX warning: pdflatex (file ./svg-inkscape/fluid8_svg-tex.pdf): PDF inclusion: multiple pdfs with page group included in a single page
>]
Package svg Info: Last page of `./svg-inkscape/fluid9_svg-tex.pdf' is 1 on input line 992.
 (./svg-inkscape/fluid9_svg-tex.pdf_tex
<./svg-inkscape/fluid9_svg-tex.pdf, id=111, page=1, 654.87158pt x 357.36009pt>
File: ./svg-inkscape/fluid9_svg-tex.pdf Graphic file (type pdf)
<use ./svg-inkscape/fluid9_svg-tex.pdf, page 1>
Package pdftex.def Info: ./svg-inkscape/fluid9_svg-tex.pdf , page1 used on input line 56.
(pdftex.def)             Requested size: 200.0pt x 109.13916pt.
)
Underfull \hbox (badness 10000) in paragraph at lines 996--997

 []


Underfull \hbox (badness 10000) in paragraph at lines 1000--1002

 []

Package svg Info: Last page of `./svg-inkscape/fluid10_svg-tex.pdf' is 1 on input line 1035.
(./svg-inkscape/fluid10_svg-tex.pdf_tex
<./svg-inkscape/fluid10_svg-tex.pdf, id=113, page=1, 654.87158pt x 391.726pt>
File: ./svg-inkscape/fluid10_svg-tex.pdf Graphic file (type pdf)
<use ./svg-inkscape/fluid10_svg-tex.pdf, page 1>
Package pdftex.def Info: ./svg-inkscape/fluid10_svg-tex.pdf , page1 used on input line 56.
(pdftex.def)             Requested size: 200.0pt x 119.63464pt.
) [16 <./svg-inkscape/fluid9_svg-tex.pdf>]
Package svg Info: Last page of `./svg-inkscape/fluid12_svg-tex.pdf' is 1 on input line 1057.
 (./svg-inkscape/fluid12_svg-tex.pdf_tex
<./svg-inkscape/fluid12_svg-tex.pdf, id=120, page=1, 275.52937pt x 250.72421pt>
File: ./svg-inkscape/fluid12_svg-tex.pdf Graphic file (type pdf)
<use ./svg-inkscape/fluid12_svg-tex.pdf, page 1>
Package pdftex.def Info: ./svg-inkscape/fluid12_svg-tex.pdf , page1 used on input line 56.
(pdftex.def)             Requested size: 100.0pt x 90.99518pt.
)
Overfull \hbox (6.34761pt too wide) detected at line 1083
[]
 []

[17 <./svg-inkscape/fluid10_svg-tex.pdf> <./svg-inkscape/fluid12_svg-tex.pdf

pdfTeX warning: pdflatex (file ./svg-inkscape/fluid12_svg-tex.pdf): PDF inclusion: multiple pdfs with page group included in a single page
>] [18]
Underfull \hbox (badness 10000) in paragraph at lines 1107--1116

 []


Underfull \hbox (badness 10000) in paragraph at lines 1130--1132

 []


Underfull \hbox (badness 10000) in paragraph at lines 1133--1134

 []


Underfull \hbox (badness 10000) in paragraph at lines 1142--1144

 []

[19]
Underfull \hbox (badness 10000) in paragraph at lines 1150--1152

 []


Underfull \hbox (badness 10000) in paragraph at lines 1153--1154

 []


Underfull \hbox (badness 10000) in paragraph at lines 1153--1154

 []


Underfull \hbox (badness 10000) in paragraph at lines 1155--1157

 []

Package svg Info: Last page of `./svg-inkscape/term1_svg-tex.pdf' is 1 on input line 1162.
(./svg-inkscape/term1_svg-tex.pdf_tex
<./svg-inkscape/term1_svg-tex.pdf, id=135, page=1, 603.1534pt x 321.11218pt>
File: ./svg-inkscape/term1_svg-tex.pdf Graphic file (type pdf)
<use ./svg-inkscape/term1_svg-tex.pdf, page 1>
Package pdftex.def Info: ./svg-inkscape/term1_svg-tex.pdf , page1 used on input line 56.
(pdftex.def)             Requested size: 150.0pt x 79.85646pt.
)
Underfull \hbox (badness 10000) in paragraph at lines 1170--1171

 []

Package svg Info: Last page of `./svg-inkscape/term2_svg-tex.pdf' is 1 on input line 1175.
(./svg-inkscape/term2_svg-tex.pdf_tex
<./svg-inkscape/term2_svg-tex.pdf, id=137, page=1, 878.01628pt x 353.85953pt>
File: ./svg-inkscape/term2_svg-tex.pdf Graphic file (type pdf)
<use ./svg-inkscape/term2_svg-tex.pdf, page 1>
Package pdftex.def Info: ./svg-inkscape/term2_svg-tex.pdf , page1 used on input line 56.
(pdftex.def)             Requested size: 150.0pt x 60.45229pt.
)
Underfull \hbox (badness 10000) in paragraph at lines 1184--1185

 []

Package svg Info: Last page of `./svg-inkscape/term3_svg-tex.pdf' is 1 on input line 1193.
(./svg-inkscape/term3_svg-tex.pdf_tex
<./svg-inkscape/term3_svg-tex.pdf, id=139, page=1, 865.32036pt x 258.44054pt>
File: ./svg-inkscape/term3_svg-tex.pdf Graphic file (type pdf)
<use ./svg-inkscape/term3_svg-tex.pdf, page 1>
Package pdftex.def Info: ./svg-inkscape/term3_svg-tex.pdf , page1 used on input line 56.
(pdftex.def)             Requested size: 150.0pt x 44.79793pt.
)
Underfull \hbox (badness 10000) in paragraph at lines 1187--1196

 []

[20 <./svg-inkscape/term1_svg-tex.pdf> <./svg-inkscape/term2_svg-tex.pdf

pdfTeX warning: pdflatex (file ./svg-inkscape/term2_svg-tex.pdf): PDF inclusion: multiple pdfs with page group included in a single page
>]
Package svg Info: Last page of `./svg-inkscape/term4_svg-tex.pdf' is 1 on input line 1207.
 (./svg-inkscape/term4_svg-tex.pdf_tex
<./svg-inkscape/term4_svg-tex.pdf, id=147, page=1, 800.95488pt x 294.34969pt>
File: ./svg-inkscape/term4_svg-tex.pdf Graphic file (type pdf)
<use ./svg-inkscape/term4_svg-tex.pdf, page 1>
Package pdftex.def Info: ./svg-inkscape/term4_svg-tex.pdf , page1 used on input line 56.
(pdftex.def)             Requested size: 150.0pt x 55.12305pt.
)
Underfull \hbox (badness 10000) in paragraph at lines 1203--1215

 []


Underfull \hbox (badness 10000) in paragraph at lines 1218--1220

 []

[21 <./svg-inkscape/term3_svg-tex.pdf> <./svg-inkscape/term4_svg-tex.pdf

pdfTeX warning: pdflatex (file ./svg-inkscape/term4_svg-tex.pdf): PDF inclusion: multiple pdfs with page group included in a single page
>]
Underfull \hbox (badness 10000) in paragraph at lines 1249--1251

 []


Underfull \hbox (badness 10000) in paragraph at lines 1261--1263

 []

Package svg Info: Last page of `./svg-inkscape/term5_svg-tex.pdf' is 1 on input line 1266.
(./svg-inkscape/term5_svg-tex.pdf_tex
<./svg-inkscape/term5_svg-tex.pdf, id=155, page=1, 383.10626pt x 251.81578pt>
File: ./svg-inkscape/term5_svg-tex.pdf Graphic file (type pdf)
<use ./svg-inkscape/term5_svg-tex.pdf, page 1>
Package pdftex.def Info: ./svg-inkscape/term5_svg-tex.pdf , page1 used on input line 56.
(pdftex.def)             Requested size: 150.0pt x 98.59583pt.
) [22 <./svg-inkscape/term5_svg-tex.pdf>]
Underfull \hbox (badness 10000) in paragraph at lines 1283--1285

 []


Underfull \hbox (badness 10000) in paragraph at lines 1302--1306

 []


Underfull \hbox (badness 10000) in paragraph at lines 1334--1337

 []

[23] [24] [25]
Underfull \hbox (badness 10000) in paragraph at lines 1404--1406

 []

Package svg Info: Last page of `./svg-inkscape/term7_svg-tex.pdf' is 1 on input line 1427.
(./svg-inkscape/term7_svg-tex.pdf_tex
<./svg-inkscape/term7_svg-tex.pdf, id=173, page=1, 342.94374pt x 289.30585pt>
File: ./svg-inkscape/term7_svg-tex.pdf Graphic file (type pdf)
<use ./svg-inkscape/term7_svg-tex.pdf, page 1>
Package pdftex.def Info: ./svg-inkscape/term7_svg-tex.pdf , page1 used on input line 56.
(pdftex.def)             Requested size: 150.0pt x 126.54008pt.
)
Underfull \hbox (badness 10000) in paragraph at lines 1430--1431

 []

[26 <./svg-inkscape/term7_svg-tex.pdf>]
Underfull \hbox (badness 10000) in paragraph at lines 1452--1456

 []


Underfull \hbox (badness 10000) in paragraph at lines 1459--1463

 []


Underfull \hbox (badness 10000) in paragraph at lines 1464--1467

 []

Package svg Info: Last page of `./svg-inkscape/term6_svg-tex.pdf' is 1 on input line 1478.
(./svg-inkscape/term6_svg-tex.pdf_tex
<./svg-inkscape/term6_svg-tex.pdf, id=180, page=1, 305.41603pt x 263.89842pt>
File: ./svg-inkscape/term6_svg-tex.pdf Graphic file (type pdf)
<use ./svg-inkscape/term6_svg-tex.pdf, page 1>
Package pdftex.def Info: ./svg-inkscape/term6_svg-tex.pdf , page1 used on input line 56.
(pdftex.def)             Requested size: 150.0pt x 129.60933pt.
) [27] [28 <./svg-inkscape/term6_svg-tex.pdf>]
Package svg Info: Last page of `./svg-inkscape/term8_svg-tex.pdf' is 1 on input line 1521.
 (./svg-inkscape/term8_svg-tex.pdf_tex
<./svg-inkscape/term8_svg-tex.pdf, id=190, page=1, 627.39392pt x 311.55147pt>
File: ./svg-inkscape/term8_svg-tex.pdf Graphic file (type pdf)
<use ./svg-inkscape/term8_svg-tex.pdf, page 1>
Package pdftex.def Info: ./svg-inkscape/term8_svg-tex.pdf , page1 used on input line 56.
(pdftex.def)             Requested size: 150.0pt x 74.48389pt.
)
Underfull \hbox (badness 10000) in paragraph at lines 1524--1525

 []


Underfull \hbox (badness 10000) in paragraph at lines 1524--1525

 []


Underfull \hbox (badness 10000) in paragraph at lines 1526--1527

 []


Underfull \hbox (badness 10000) in paragraph at lines 1529--1531

 []


Underfull \hbox (badness 10000) in paragraph at lines 1533--1535

 []


Underfull \hbox (badness 10000) in paragraph at lines 1533--1535

 []


Underfull \hbox (badness 10000) in paragraph at lines 1533--1535

 []


Underfull \hbox (badness 10000) in paragraph at lines 1543--1546

 []

[29 <./svg-inkscape/term8_svg-tex.pdf>]
Package svg Info: Last page of `./svg-inkscape/term9_svg-tex.pdf' is 1 on input line 1552.
 (./svg-inkscape/term9_svg-tex.pdf_tex
<./svg-inkscape/term9_svg-tex.pdf, id=197, page=1, 491.73712pt x 325.93016pt>
File: ./svg-inkscape/term9_svg-tex.pdf Graphic file (type pdf)
<use ./svg-inkscape/term9_svg-tex.pdf, page 1>
Package pdftex.def Info: ./svg-inkscape/term9_svg-tex.pdf , page1 used on input line 56.
(pdftex.def)             Requested size: 150.0pt x 99.42097pt.
)
Underfull \hbox (badness 10000) in paragraph at lines 1555--1558

 []


Underfull \hbox (badness 10000) in paragraph at lines 1559--1565

 []


Underfull \hbox (badness 10000) in paragraph at lines 1567--1569

 []

Package svg Info: Last page of `./svg-inkscape/term10_svg-tex.pdf' is 1 on input line 1573.
(./svg-inkscape/term10_svg-tex.pdf_tex
<./svg-inkscape/term10_svg-tex.pdf, id=199, page=1, 502.27649pt x 354.72525pt>
File: ./svg-inkscape/term10_svg-tex.pdf Graphic file (type pdf)
<use ./svg-inkscape/term10_svg-tex.pdf, page 1>
Package pdftex.def Info: ./svg-inkscape/term10_svg-tex.pdf , page1 used on input line 56.
(pdftex.def)             Requested size: 150.0pt x 105.93666pt.
)
Package svg Info: Last page of `./svg-inkscape/term11_svg-tex.pdf' is 1 on input line 1579.
 (./svg-inkscape/term11_svg-tex.pdf_tex
<./svg-inkscape/term11_svg-tex.pdf, id=201, page=1, 288.47774pt x 165.0165pt>
File: ./svg-inkscape/term11_svg-tex.pdf Graphic file (type pdf)
<use ./svg-inkscape/term11_svg-tex.pdf, page 1>
Package pdftex.def Info: ./svg-inkscape/term11_svg-tex.pdf , page1 used on input line 56.
(pdftex.def)             Requested size: 150.0pt x 85.80402pt.
)
Underfull \hbox (badness 10000) in paragraph at lines 1570--1583

 []

Package svg Info: Last page of `./svg-inkscape/term12_svg-tex.pdf' is 1 on input line 1586.
(./svg-inkscape/term12_svg-tex.pdf_tex
<./svg-inkscape/term12_svg-tex.pdf, id=203, page=1, 270.03384pt x 169.19461pt>
File: ./svg-inkscape/term12_svg-tex.pdf Graphic file (type pdf)
<use ./svg-inkscape/term12_svg-tex.pdf, page 1>
Package pdftex.def Info: ./svg-inkscape/term12_svg-tex.pdf , page1 used on input line 56.
(pdftex.def)             Requested size: 150.0pt x 93.98415pt.
) [30 <./svg-inkscape/term9_svg-tex.pdf>]
Package svg Info: Last page of `./svg-inkscape/term13_svg-tex.pdf' is 1 on input line 1594.
 (./svg-inkscape/term13_svg-tex.pdf_tex
<./svg-inkscape/term13_svg-tex.pdf, id=210, page=1, 739.03606pt x 322.35431pt>
File: ./svg-inkscape/term13_svg-tex.pdf Graphic file (type pdf)
<use ./svg-inkscape/term13_svg-tex.pdf, page 1>
Package pdftex.def Info: ./svg-inkscape/term13_svg-tex.pdf , page1 used on input line 56.
(pdftex.def)             Requested size: 150.0pt x 65.42395pt.
) [31 <./svg-inkscape/term10_svg-tex.pdf> <./svg-inkscape/term11_svg-tex.pdf

pdfTeX warning: pdflatex (file ./svg-inkscape/term11_svg-tex.pdf): PDF inclusion: multiple pdfs with page group included in a single page
> <./svg-inkscape/term12_svg-tex.pdf

pdfTeX warning: pdflatex (file ./svg-inkscape/term12_svg-tex.pdf): PDF inclusion: multiple pdfs with page group included in a single page
>]
Package svg Info: Last page of `./svg-inkscape/term14_svg-tex.pdf' is 1 on input line 1616.
 (./svg-inkscape/term14_svg-tex.pdf_tex
<./svg-inkscape/term14_svg-tex.pdf, id=221, page=1, 387.4726pt x 267.02258pt>
File: ./svg-inkscape/term14_svg-tex.pdf Graphic file (type pdf)
<use ./svg-inkscape/term14_svg-tex.pdf, page 1>
Package pdftex.def Info: ./svg-inkscape/term14_svg-tex.pdf , page1 used on input line 56.
(pdftex.def)             Requested size: 150.0pt x 103.36832pt.
)
Underfull \hbox (badness 10000) in paragraph at lines 1632--1635

 []


Underfull \hbox (badness 10000) in paragraph at lines 1640--1644

 []

[32 <./svg-inkscape/term13_svg-tex.pdf> <./svg-inkscape/term14_svg-tex.pdf

pdfTeX warning: pdflatex (file ./svg-inkscape/term14_svg-tex.pdf): PDF inclusion: multiple pdfs with page group included in a single page
>]
Package svg Info: Last page of `./svg-inkscape/term15_svg-tex.pdf' is 1 on input line 1653.
 (./svg-inkscape/term15_svg-tex.pdf_tex
<./svg-inkscape/term15_svg-tex.pdf, id=229, page=1, 464.25946pt x 336.4319pt>
File: ./svg-inkscape/term15_svg-tex.pdf Graphic file (type pdf)
<use ./svg-inkscape/term15_svg-tex.pdf, page 1>
Package pdftex.def Info: ./svg-inkscape/term15_svg-tex.pdf , page1 used on input line 56.
(pdftex.def)             Requested size: 150.0pt x 108.69737pt.
)
Underfull \hbox (badness 10000) in paragraph at lines 1657--1659

 []

Package svg Info: Last page of `./svg-inkscape/term16_svg-tex.pdf' is 1 on input line 1662.
(./svg-inkscape/term16_svg-tex.pdf_tex
<./svg-inkscape/term16_svg-tex.pdf, id=231, page=1, 304.66321pt x 689.35043pt>
File: ./svg-inkscape/term16_svg-tex.pdf Graphic file (type pdf)
<use ./svg-inkscape/term16_svg-tex.pdf, page 1>
Package pdftex.def Info: ./svg-inkscape/term16_svg-tex.pdf , page1 used on input line 56.
(pdftex.def)             Requested size: 150.0pt x 339.40454pt.
) [33 <./svg-inkscape/term15_svg-tex.pdf>]
Package svg Info: Last page of `./svg-inkscape/fluid17_svg-tex.pdf' is 1 on input line 1672.
 (./svg-inkscape/fluid17_svg-tex.pdf_tex
<./svg-inkscape/fluid17_svg-tex.pdf, id=238, page=1, 291.1126pt x 291.489pt>
File: ./svg-inkscape/fluid17_svg-tex.pdf Graphic file (type pdf)
<use ./svg-inkscape/fluid17_svg-tex.pdf, page 1>
Package pdftex.def Info: ./svg-inkscape/fluid17_svg-tex.pdf , page1 used on input line 56.
(pdftex.def)             Requested size: 150.0pt x 150.1919pt.
) [34 <./svg-inkscape/term16_svg-tex.pdf> <./svg-inkscape/fluid17_svg-tex.pdf

pdfTeX warning: pdflatex (file ./svg-inkscape/fluid17_svg-tex.pdf): PDF inclusion: multiple pdfs with page group included in a single page
>]
Underfull \hbox (badness 10000) in paragraph at lines 1690--1693

 []


Underfull \hbox (badness 10000) in paragraph at lines 1694--1695

 []

Package svg Info: Last page of `./svg-inkscape/term18_svg-tex.pdf' is 1 on input line 1701.
(./svg-inkscape/term18_svg-tex.pdf_tex
<./svg-inkscape/term18_svg-tex.pdf, id=246, page=1, 763.3895pt x 440.28241pt>
File: ./svg-inkscape/term18_svg-tex.pdf Graphic file (type pdf)
<use ./svg-inkscape/term18_svg-tex.pdf, page 1>
Package pdftex.def Info: ./svg-inkscape/term18_svg-tex.pdf , page1 used on input line 56.
(pdftex.def)             Requested size: 150.0pt x 86.50974pt.
)
Package svg Info: Last page of `./svg-inkscape/term19_svg-tex.pdf' is 1 on input line 1732.
 (./svg-inkscape/term19_svg-tex.pdf_tex
<./svg-inkscape/term19_svg-tex.pdf, id=248, page=1, 385.10124pt x 279.29344pt>
File: ./svg-inkscape/term19_svg-tex.pdf Graphic file (type pdf)
<use ./svg-inkscape/term19_svg-tex.pdf, page 1>
Package pdftex.def Info: ./svg-inkscape/term19_svg-tex.pdf , page1 used on input line 56.
(pdftex.def)             Requested size: 150.0pt x 108.78763pt.
) [35 <./svg-inkscape/term18_svg-tex.pdf>]
Package svg Info: Last page of `./svg-inkscape/termo20_svg-tex.pdf' is 1 on input line 1761.
 (./svg-inkscape/termo20_svg-tex.pdf_tex
<./svg-inkscape/termo20_svg-tex.pdf, id=255, page=1, 810.40265pt x 324.98915pt>
File: ./svg-inkscape/termo20_svg-tex.pdf Graphic file (type pdf)
<use ./svg-inkscape/termo20_svg-tex.pdf, page 1>
Package pdftex.def Info: ./svg-inkscape/termo20_svg-tex.pdf , page1 used on input line 56.
(pdftex.def)             Requested size: 150.0pt x 60.1518pt.
) [36 <./svg-inkscape/term19_svg-tex.pdf> <./svg-inkscape/termo20_svg-tex.pdf

pdfTeX warning: pdflatex (file ./svg-inkscape/termo20_svg-tex.pdf): PDF inclusion: multiple pdfs with page group included in a single page
>]
Package svg Info: Last page of `./svg-inkscape/term23_svg-tex.pdf' is 1 on input line 1832.
 (./svg-inkscape/term23_svg-tex.pdf_tex
<./svg-inkscape/term23_svg-tex.pdf, id=263, page=1, 428.08682pt x 276.43274pt>
File: ./svg-inkscape/term23_svg-tex.pdf Graphic file (type pdf)
<use ./svg-inkscape/term23_svg-tex.pdf, page 1>
Package pdftex.def Info: ./svg-inkscape/term23_svg-tex.pdf , page1 used on input line 56.
(pdftex.def)             Requested size: 150.0pt x 96.86256pt.
) [37] [38 <./svg-inkscape/term23_svg-tex.pdf>]
Underfull \hbox (badness 10000) in paragraph at lines 1878--1882

 []


Underfull \hbox (badness 10000) in paragraph at lines 1878--1882

 []


Underfull \hbox (badness 10000) in paragraph at lines 1887--1889

 []

[39]
Underfull \hbox (badness 10000) in paragraph at lines 1964--1966

 []


Underfull \hbox (badness 10000) in paragraph at lines 1967--1971

 []

[40]
Package svg Info: Last page of `./svg-inkscape/term24_svg-tex.pdf' is 1 on input line 1976.
 (./svg-inkscape/term24_svg-tex.pdf_tex
<./svg-inkscape/term24_svg-tex.pdf, id=282, page=1, 299.20532pt x 239.01797pt>
File: ./svg-inkscape/term24_svg-tex.pdf Graphic file (type pdf)
<use ./svg-inkscape/term24_svg-tex.pdf, page 1>
Package pdftex.def Info: ./svg-inkscape/term24_svg-tex.pdf , page1 used on input line 56.
(pdftex.def)             Requested size: 150.0pt x 119.82599pt.
) [41 <./svg-inkscape/term24_svg-tex.pdf>] [42]
Underfull \hbox (badness 10000) in paragraph at lines 2055--2067
\OT1/cmr/m/n/10 stan-te.
 []


Underfull \hbox (badness 3009) in paragraph at lines 2076--2076
[]\OT1/cmr/bx/n/12 notazioni e re-la-zio-ne del-la ca-pa-cit^^Ra
 []

[43] [44]
Underfull \hbox (badness 10000) in paragraph at lines 2115--2116

 []

[45] [46]
Underfull \hbox (badness 10000) in paragraph at lines 2210--2210
[]|$\OML/cmm/m/it/10 >$\OT1/cmr/m/n/10 2 ato-mi
 []

[47] [48] [49]
Underfull \hbox (badness 10000) in paragraph at lines 2354--2356

 []

[50] [51]
Underfull \hbox (badness 10000) in paragraph at lines 2430--2436

 []

[52]
Underfull \hbox (badness 10000) in paragraph at lines 2479--2484

 []

[53]
Underfull \hbox (badness 10000) in paragraph at lines 2492--2498

 []


Underfull \hbox (badness 10000) in paragraph at lines 2492--2498

 []


Underfull \hbox (badness 10000) in paragraph at lines 2492--2498

 []


Underfull \hbox (badness 10000) in paragraph at lines 2492--2498

 []

[54]
Underfull \hbox (badness 10000) in paragraph at lines 2540--2545

 []

[55]
Underfull \hbox (badness 10000) in paragraph at lines 2603--2607

 []


Package pgfplots Warning: Axis range for axis z is approximately empty; enlarging it (it is [0.0:0.0]) on input line 2652.

 [warning /pgfplots/warning/approx empty range enlarged]
[56]
Underfull \hbox (badness 10000) in paragraph at lines 2675--2677

 []


Underfull \hbox (badness 10000) in paragraph at lines 2678--2683

 []


Underfull \hbox (badness 10000) in paragraph at lines 2732--2734

 []

[57] [58]
Missing character: There is no ; in font nullfont!
[59]
Underfull \hbox (badness 10000) in paragraph at lines 2853--2855

 []


Underfull \hbox (badness 10000) in paragraph at lines 2853--2855

 []


Underfull \hbox (badness 10000) in paragraph at lines 2873--2877

 []

Missing character: There is no ; in font nullfont!
Missing character: There is no ; in font nullfont!
[60] [61] [62]
Underfull \hbox (badness 10000) in paragraph at lines 3033--3034

 []

[63]
Underfull \hbox (badness 10000) in paragraph at lines 3109--3116

 []


Underfull \hbox (badness 10000) in paragraph at lines 3109--3116

 []


Underfull \hbox (badness 10000) in paragraph at lines 3109--3116

 []

[64]
Underfull \hbox (badness 10000) in paragraph at lines 3145--3149

 []

[65]
Underfull \hbox (badness 10000) in paragraph at lines 3170--3172

 []


Underfull \hbox (badness 10000) in paragraph at lines 3197--3200

 []

[66]
Underfull \hbox (badness 10000) in paragraph at lines 3248--3250

 []

[67] [68] [69] [70] [71] [72] [73]
Underfull \hbox (badness 10000) in paragraph at lines 3544--3547

 []

[74] [75] [76] [77]
Underfull \hbox (badness 10000) in paragraph at lines 3689--3694

 []

[78]
Underfull \hbox (badness 10000) in paragraph at lines 3738--3741

 []

[79] [80] [81]
Underfull \hbox (badness 10000) in paragraph at lines 3919--3925

 []

[82] [83]
Underfull \hbox (badness 10000) in paragraph at lines 3963--3968

 []


Underfull \hbox (badness 10000) in paragraph at lines 3963--3968

 []


Overfull \hbox (68.73734pt too wide) in paragraph at lines 3972--3975
[]\OT1/cmr/m/n/10 isotropia $\OML/cmm/m/it/10 ^^Z$ \OT1/cmr/m/n/10 non di-pen-de dal-la di-re-zio-ne del-le ve-lo-cit^^Ra ma so-lo dal lo-ro mo-du-lo quindi:$\OML/cmm/m/it/10 f\OT1/cmr/m/n/10 ([]) = \OML/cmm/m/it/10 f\OT1/cmr/m/n/10 (\OML/cmm/m/it/10 v[]\OT1/cmr/m/n/10 )\OML/cmm/m/it/10 f\OT1/cmr/m/n/10 (\OML/cmm/m/it/10 v[]\OT1/cmr/m/n/10 )\OML/cmm/m/it/10 f\OT1/cmr/m/n/10 (\OML/cmm/m/it/10 v[]\OT1/cmr/m/n/10 ) \OML/cmm/m/it/10 f\OT1/cmr/m/n/10 ([]) =
 []


Underfull \hbox (badness 10000) in paragraph at lines 4000--4002

 []

[84] [85] [86]
Underfull \hbox (badness 10000) in paragraph at lines 4101--4105

 []


Underfull \hbox (badness 10000) in paragraph at lines 4116--4133

 []


Underfull \hbox (badness 10000) in paragraph at lines 4135--4146

 []

[87]
Underfull \hbox (badness 10000) in paragraph at lines 4148--4150

 []


Underfull \hbox (badness 10000) in paragraph at lines 4152--4155

 []


Underfull \hbox (badness 10000) in paragraph at lines 4162--4164

 []


Underfull \hbox (badness 10000) in paragraph at lines 4166--4180

 []

[88]
Underfull \hbox (badness 10000) in paragraph at lines 4232--4233

 []

[89]
Underfull \hbox (badness 10000) in paragraph at lines 4265--4266

 []

[90] [91] (./fluidi.aux)
 ***********
LaTeX2e <2023-11-01> patch level 1
L3 programming layer <2024-01-22>
 ***********


LaTeX Warning: There were multiply-defined labels.

 ) 
Here is how much of TeX's memory you used:
 32521 strings out of 474222
 835550 string characters out of 5748733
 1988975 words of memory out of 5000000
 54106 multiletter control sequences out of 15000+600000
 570899 words of font info for 86 fonts, out of 8000000 for 9000
 1141 hyphenation exceptions out of 8191
 99i,27n,107p,768b,2172s stack positions out of 10000i,1000n,20000p,200000b,200000s
</usr/share/texlive/texmf-dist/fonts/type1/public/amsfonts/cm/cmbx10.pfb></usr/share/texlive/texmf-dist/fonts/type1/public/amsfonts/cm/cmbx12.pfb></usr/share/texlive/texmf-dist/fonts/type1/public/amsfonts/cm/cmbxsl10.pfb></usr/share/texlive/texmf-dist/fonts/type1/public/amsfonts/cm/cmex10.pfb></usr/share/texlive/texmf-dist/fonts/type1/public/amsfonts/cmextra/cmex7.pfb></usr/share/texlive/texmf-dist/fonts/type1/public/amsfonts/cm/cmmi10.pfb></usr/share/texlive/texmf-dist/fonts/type1/public/amsfonts/cm/cmmi5.pfb></usr/share/texlive/texmf-dist/fonts/type1/public/amsfonts/cm/cmmi7.pfb></usr/share/texlive/texmf-dist/fonts/type1/public/amsfonts/cm/cmr10.pfb></usr/share/texlive/texmf-dist/fonts/type1/public/amsfonts/cm/cmr12.pfb></usr/share/texlive/texmf-dist/fonts/type1/public/amsfonts/cm/cmr17.pfb></usr/share/texlive/texmf-dist/fonts/type1/public/amsfonts/cm/cmr5.pfb></usr/share/texlive/texmf-dist/fonts/type1/public/amsfonts/cm/cmr7.pfb></usr/share/texlive/texmf-dist/fonts/type1/public/amsfonts/cm/cmsl10.pfb></usr/share/texlive/texmf-dist/fonts/type1/public/amsfonts/cm/cmsl8.pfb></usr/share/texlive/texmf-dist/fonts/type1/public/amsfonts/cm/cmsy10.pfb></usr/share/texlive/texmf-dist/fonts/type1/public/amsfonts/cm/cmsy5.pfb></usr/share/texlive/texmf-dist/fonts/type1/public/amsfonts/cm/cmsy7.pfb></usr/share/texlive/texmf-dist/fonts/type1/public/amsfonts/cm/cmti10.pfb></usr/share/texlive/texmf-dist/fonts/type1/public/amsfonts/latxfont/line10.pfb></usr/share/texlive/texmf-dist/fonts/type1/public/amsfonts/symbols/msbm10.pfb></usr/share/texmf/fonts/type1/public/cm-super/sfrm0700.pfb></usr/share/texmf/fonts/type1/public/cm-super/sfrm1000.pfb></usr/share/texmf/fonts/type1/public/cm-super/sfsl1000.pfb></usr/share/texlive/texmf-dist/fonts/type1/public/esvect/vect10.pfb>
Output written on fluidi.pdf (91 pages, 724493 bytes).
PDF statistics:
 557 PDF objects out of 1000 (max. 8388607)
 338 compressed objects within 4 object streams
 0 named destinations out of 1000 (max. 500000)
 367 words of extra memory for PDF output out of 10000 (max. 10000000)

